--- Job SAM_CGE_2022:2017act.gms Start 06/01/23 18:25:25 42.5.0 cf11b917 DEX-DEG x86 64bit/macOS
--- Applying:
    /Library/Frameworks/GAMS.framework/Versions/42/Resources/gmsprmun.txt
--- GAMS Parameters defined
    Input "/Users/gabrielbontemps/Library/CloudStorage/OneDrive-Personal/Université/LMD/Master E&P/M1/Mémoire/Dissertation/Scripts/SAM_CGE_GAMS/SAM_CGE_2022:2017act.gms"
    PageSize 0
    ScrDir "/Users/gabrielbontemps/Library/CloudStorage/OneDrive-Personal/Université/LMD/Master E&P/M1/Mémoire/Dissertation/Scripts/SAM_CGE_GAMS/225a/"
    SysDir /Library/Frameworks/GAMS.framework/Versions/42/Resources/
    LogOption 3
    ErrMsg 1
    ErrorLog 99
    IDE 1
    LstTitleLeftAligned 1
Licensee: GAMS Demo license for Gabriel Bontemps         G230312|0002CO-GEN
          Paris school of Economics, France                        DL087641
          /Users/gabrielbontemps/Library/Application Support/GAMS/gamslice.txt
          Gabriel.Bontemps@etu.univ-paris1.fr, Gabriel Bontemps            
          Demo license for demonstration and instructional purposes only
Processor information: 1 socket(s), 4 core(s), and 8 thread(s) available
GAMS 42.5.0   Copyright (C) 1987-2023 GAMS Development. All rights reserved
--- Starting compilation
--- SAM_CGE_2022:2017act.gms(420) 3 Mb
--- Starting execution: elapsed 0:00:00.019
--- SAM_CGE_2022:2017act.gms(319) 4 Mb
--- Generating NLP model stdcge
--- SAM_CGE_2022:2017act.gms(323) 6 Mb
---   619 rows  619 columns  2,984 non-zeroes
---   3,692 nl-code  1,275 nl-non-zeroes
--- Range statistics (absolute non-zero finite values)
--- RHS       [min, max] : [ 2.850E+02, 1.200E+03] - Zero values observed as well
--- Bound     [min, max] : [ 1.000E-05, 1.000E+00]
--- Matrix    [min, max] : [ 1.160E-05, 5.667E+04]
--- SAM_CGE_2022:2017act.gms(323) 4 Mb
--- Executing CONOPT (Solvelink=2): elapsed 0:00:00.035

CONOPT 3         42.5.0 cf11b917 Mar 30, 2023          DEG x86 64bit/macOS    

--- *** This solver runs with a demo license. No commercial use.
 
 
    C O N O P T 3   version 3.17N
    Copyright (C)   ARKI Consulting and Development A/S
                    Bagsvaerdvej 246 A
                    DK-2880 Bagsvaerd, Denmark
 
 
   Iter Phase Ninf   Infeasibility   RGmax    NSB   Step InItr MX OK
      0   0        1.8672266331E+05 (Input point)
 
                   Pre-triangular equations:   0
                   Post-triangular equations:  1
                   Definitional equations:     78
 
      1   0        1.9206970957E+05 (After pre-processing)
      2   0        9.7148610055E+01 (After scaling)
      5   0     3  9.5000072051E+01               0.0E+00      F  F
     10   0     6  8.9201370170E+01               1.6E-02      T  T
     15   0     8  6.7509206820E+01               1.2E-02      T  T
     20   0    11  5.8372640878E+01               1.2E-02      T  T
     25   0    14  5.9037824614E+01               0.0E+00      F  F
     30   0    19  5.9037824614E+01               0.0E+00      F  F
     35   0    20  4.3984105772E+01               0.0E+00      F  F
 
   Iter Phase Ninf   Infeasibility   RGmax    NSB   Step InItr MX OK
     40   0    24  4.5009665819E+01               0.0E+00      F  F
     45   0    29  4.5009665819E+01               0.0E+00      F  F
     50   0    34  4.5009665819E+01               0.0E+00      F  F
     55   0    38  3.0706210847E+01               1.0E+00      F  T
     60   0    38  2.8045856081E+01               1.0E+00      F  T
     65   0    38  2.7985605650E+01               1.0E+00      F  T
     70   0    38  2.7980321730E+01               1.0E+00      F  T
     75   0    38  2.7979756859E+01               1.0E+00      F  T
     80   0    38  2.7979695045E+01               1.0E+00      F  T
     85   0    38  2.7979688263E+01               1.0E+00      F  T
 
   Iter Phase Ninf   Infeasibility   RGmax    NSB   Step InItr MX OK
     88   1    38  2.7977958662E+01 2.6E+00    33 4.0E-04    3 F  F
     89   1    38  2.7860957370E+01 1.8E+01    33 1.0E+00    1 T  T
     90   1    38  2.7853809720E+01 4.8E+00    33 8.9E-04    5 F  F
     91   1    38  2.7736116511E+01 1.7E+01    33 1.0E+00    1 T  T
     92   1    35  2.0774091969E+01 1.1E+00    32 1.0E+00    3 T  T
     93   1    31  1.7543412149E+01 1.5E+00    29 1.0E+00    4 T  T
     94   1    24  1.4612080823E+01 1.0E+00    25 1.0E+00    7 T  T
     95   1    24  1.3807293822E+01 6.2E-01    18 5.8E-01    4 F  F
     96   1    24  1.3645878651E+01 2.2E+02    18 3.7E-01    2 F  F
    101   1    23  1.1894221750E+01 3.7E-01    21 2.4E+00      T  T
 
   Iter Phase Ninf   Infeasibility   RGmax    NSB   Step InItr MX OK
    106   1    19  1.0750063653E+01 1.6E-01    17 1.6E+00      T  T
    109   1    18  1.0587176974E+01 7.5E-02    15 1.7E-01    3 F  F
    110   1    18  1.0525796282E+01 2.0E-01    15 5.6E-01    1 F  F
    111   1    18  1.0523072876E+01 2.5E-01    15 6.7E-02      F  T
    116   1    17  1.0414974753E+01 2.8E-02    14 1.6E+01      F  T
    121   2    17  1.0254587917E+01 2.2E-02    13 2.0E+00      F  T
    122   2    17  1.0182391752E+01 2.5E+00    13 6.6E-01    3 F  T
    123   2    17  1.0178109184E+01 2.7E+02    12 1.0E+00    1 T  T
    124   2    17  1.0136843446E+01 3.9E+00    12 3.5E-01    2 T  T
    125   2    17  1.0133799702E+01 2.4E+02    11 1.0E+00    1 T  T
 
   Iter Phase Ninf   Infeasibility   RGmax    NSB   Step InItr MX OK
    126   2    17  1.0132955706E+01 8.7E+01    11 1.0E+00    1 T  T
    127   2    17  1.0112017945E+01 1.9E-01    11 8.7E-01    8 T  T
    128   2    17  1.0080921173E+01 3.9E-02     9 1.8E+00    8 T  T
    129   2    17  1.0080892744E+01 3.8E+02    10 1.0E+00    1 T  T
    130   2    17  1.0058528668E+01 1.4E+01    10 1.5E+01      F  T
    131   2    17  1.0058521889E+01 1.1E+02    10 1.0E+00    1 T  T
    132   2    16  1.0004376571E+01 2.9E+00    11 1.0E+00    1 T  T
    133   2    16  9.9743776071E+00 1.3E-02    10 5.6E-01   11 F  T
    134   2    16  9.9593011487E+00 4.9E+02     8 1.0E+00    1 T  T
    135   2    16  9.9575560984E+00 1.3E+03     8 1.2E+00    1 T  T
 
   Iter Phase Ninf   Infeasibility   RGmax    NSB   Step InItr MX OK
    136   2    16  9.8690901909E+00 3.5E+02     8 1.4E+00    3 T  T
    137   2    16  9.7883864888E+00 4.0E+02     8 3.2E-01    6 F  F
    138   2    16  9.7882781505E+00 2.0E+02     7 1.0E+00    1 T  T
    139   2    16  9.7801816859E+00 1.4E+02     7 3.9E-02    3 F  T
    140   2    16  9.7702096147E+00 3.1E+02     7 1.0E+00    1 T  T
    141   2    16  9.6978882069E+00 4.7E+02     7 1.0E+00    3 T  T
    142   2    16  9.6941831149E+00 6.0E+03     7 1.0E+00    1 T  T
    143   2    16  9.6106245720E+00 2.1E+00     7 6.2E-01    6 F  T
    144   2    14  9.5572436823E+00 1.3E+00     7 1.0E+00    3 T  T
    145   2    13  9.5358946127E+00 2.1E+00    11 1.0E+00    4 T  T
 
   Iter Phase Ninf   Infeasibility   RGmax    NSB   Step InItr MX OK
    146   2    13  9.5276721534E+00 3.1E-02    10 6.1E-01    3 F  T
    147   2    13  9.3717549023E+00 4.3E-02     9 1.2E+00    7 T  T
    148   2    13  9.2672954034E+00 7.7E+00     9 5.9E-01    3 F  T
    149   2    13  9.2555713893E+00 3.2E+01     8 1.0E+00    1 T  T
    150   2    13  9.1824581466E+00 1.5E-01     8 6.0E-01    3 F  T
    151   2    13  9.1090390266E+00 1.2E-01     6 5.1E-01    2 F  T
    152   2    13  9.0325173083E+00 2.1E+01     6 7.0E-01    2 F  T
    153   2    13  9.0246180506E+00 8.5E+01     6 1.0E+00    1 T  T
    154   2    13  8.9350494380E+00 2.2E+04     6 1.7E-01    1 F  T
    155   2    13  8.9344853437E+00 5.6E+01     6 1.0E+00    1 T  T
 
   Iter Phase Ninf   Infeasibility   RGmax    NSB   Step InItr MX OK
    156   2    12  8.5379821314E+00 3.5E-01     6 1.0E+00    2 T  T
    157   2    12  8.4199406572E+00 9.2E-02     5 6.1E-01    1 F  F
    158   2    12  8.3833587445E+00 7.3E-02     4 3.9E-01    4 F  T
    159   2    12  8.3774141654E+00 3.5E-02     3 1.0E+00    3 T  T
    160   2    12  8.3772990043E+00 5.0E-03     3 1.0E+00    3 T  T
    161   2    12  8.3469646643E+00 2.9E-01     7 4.3E-01    5 F  T
    162   2    12  8.3145631341E+00 2.0E-01     5 1.8E+00    2 T  T
    163   2    12  8.2982865873E+00 5.9E-02     5 1.8E+00    4 T  T
    166   2    12  8.2879011925E+00 1.2E-02     5 1.7E+00    5 T  T
    167   2    12  8.2829965363E+00 1.7E-02     6 1.0E+00    2 T  T
 
   Iter Phase Ninf   Infeasibility   RGmax    NSB   Step InItr MX OK
    168   2    12  8.2799428525E+00 9.7E-03     6 1.0E+00    6 T  T
    169   2    12  8.2702829595E+00 1.6E-02     8 1.3E+00    6 T  T
    170   2    12  8.2682952688E+00 5.3E-02     9 2.4E-01      F  T
    171   2    12  8.2607553887E+00 1.8E-02     9 1.5E+00    3 T  T
    172   2    12  8.2561415930E+00 2.1E-02     9 1.0E+00    6 T  T
    173   2    12  8.2533216392E+00 1.5E-02     9 7.3E-01    2 F  T
    174   2    12  8.2508984274E+00 7.5E-03     9 1.7E+00    6 T  T
    175   2    12  8.2498612240E+00 1.0E-02     9 8.7E-01    3 F  T
    176   2    12  8.2490130659E+00 1.5E-03     9 1.6E+00    6 T  T
    177   2    12  8.2485376382E+00 2.5E-03     9 1.6E+00    3 T  T
 
   Iter Phase Ninf   Infeasibility   RGmax    NSB   Step InItr MX OK
    180   2    12  8.2481680892E+00 2.6E-03     9 1.1E+00    6 T  T
    181   2    12  8.2480649123E+00 6.4E-04     9 1.6E+00    6 T  T
    182   2    12  8.2480528311E+00 9.9E-04     9 1.0E+00      F  T
    183   2    12  8.2479968704E+00 3.0E-04     9 1.8E+00    3 T  T
    186   2    12  8.2479700321E+00 1.0E+02     9 1.9E-02    3 F  T
    187   2    12  8.2479695166E+00 1.3E+02     9 1.0E+00    1 T  T
    188   2    12  8.2479677506E+00 1.8E-01     9 1.0E+00    7 T  T
    189   2    12  8.2479674892E+00 2.4E-01     9 1.6E-02    7 F  F
    190   2    11  8.2475098818E+00 1.1E+00    10 1.5E-01      T  T
    191   2    11  8.2474482161E+00 2.6E-03     9 1.0E+00    1 T  T
 
   Iter Phase Ninf   Infeasibility   RGmax    NSB   Step InItr MX OK
    192   2    11  8.2474363323E+00 1.8E-03     9 3.5E-01    5 F  T
    193   2    11  8.2474139357E+00 6.7E-04     9 1.9E+00    2 T  T
    196   2    11  8.2474102239E+00 2.2E-04     8 3.3E+00      F  T
    197   2    11  8.2474101938E+00 5.9E-05     8 1.0E+00    2 T  T
    198   2    11  8.2474101938E+00 3.2E-07     8 1.0E+00    2 T  T
    199   2    11  8.2474101938E+00 3.2E-08     8
 
 ** Infeasible solution. Reduced gradient less than tolerance.
 
--- Reading solution for model stdcge
--- Executing after solve: elapsed 0:00:00.954
--- SAM_CGE_2022:2017act.gms(328) 4 Mb
--- Generating NLP model stdcge
--- SAM_CGE_2022:2017act.gms(330) 6 Mb
---   619 rows  619 columns  2,950 non-zeroes
---   3,573 nl-code  1,241 nl-non-zeroes
--- Range statistics (absolute non-zero finite values)
--- RHS       [min, max] : [ 2.850E+02, 1.200E+03] - Zero values observed as well
--- Bound     [min, max] : [ 1.000E-05, 1.000E+00]
--- Matrix    [min, max] : [ 1.070E-11, 9.325E+03]
--- SAM_CGE_2022:2017act.gms(330) 4 Mb
--- Executing CONOPT (Solvelink=2): elapsed 0:00:00.970

CONOPT 3         42.5.0 cf11b917 Mar 30, 2023          DEG x86 64bit/macOS    

--- *** This solver runs with a demo license. No commercial use.
 
 
    C O N O P T 3   version 3.17N
    Copyright (C)   ARKI Consulting and Development A/S
                    Bagsvaerdvej 246 A
                    DK-2880 Bagsvaerd, Denmark
 
 
   Iter Phase Ninf   Infeasibility   RGmax    NSB   Step InItr MX OK
      0   0        1.1213813349E+10 (Input point)
 
 ** An equation in the pre-triangular part of the model cannot
    be solved because the critical variable is at a bound.
 
--- Reading solution for model stdcge
--- Executing after solve: elapsed 0:00:01.048
--- SAM_CGE_2022:2017act.gms(420) 4 Mb
--- Putfile listA1out /Users/gabrielbontemps/Library/CloudStorage/OneDrive-Personal/Université/LMD/Master E&P/M1/Mémoire/Dissertation/Scripts/SAM_CGE_GAMS/listA1.csv
*** Status: Normal completion
--- Job SAM_CGE_2022:2017act.gms Stop 06/01/23 18:25:26 elapsed 0:00:01.051
