--- Job SAM_CGE_2018:2017.gms Start 06/01/23 17:54:37 42.5.0 cf11b917 DEX-DEG x86 64bit/macOS
--- Applying:
    /Library/Frameworks/GAMS.framework/Versions/42/Resources/gmsprmun.txt
--- GAMS Parameters defined
    Input "/Users/gabrielbontemps/Library/CloudStorage/OneDrive-Personal/Université/LMD/Master E&P/M1/Mémoire/Dissertation/Scripts/SAM_CGE_GAMS/SAM_CGE_2018:2017.gms"
    PageSize 0
    ScrDir "/Users/gabrielbontemps/Library/CloudStorage/OneDrive-Personal/Université/LMD/Master E&P/M1/Mémoire/Dissertation/Scripts/SAM_CGE_GAMS/225a/"
    SysDir /Library/Frameworks/GAMS.framework/Versions/42/Resources/
    LogOption 3
    ErrMsg 1
    ErrorLog 99
    IDE 1
    LstTitleLeftAligned 1
Licensee: GAMS Demo license for Gabriel Bontemps         G230312|0002CO-GEN
          Paris school of Economics, France                        DL087641
          /Users/gabrielbontemps/Library/Application Support/GAMS/gamslice.txt
          Gabriel.Bontemps@etu.univ-paris1.fr, Gabriel Bontemps            
          Demo license for demonstration and instructional purposes only
Processor information: 1 socket(s), 4 core(s), and 8 thread(s) available
GAMS 42.5.0   Copyright (C) 1987-2023 GAMS Development. All rights reserved
--- Starting compilation
--- SAM_CGE_2018:2017.gms(421) 3 Mb
--- Starting execution: elapsed 0:00:00.011
--- SAM_CGE_2018:2017.gms(320) 4 Mb
--- Generating NLP model stdcge
--- SAM_CGE_2018:2017.gms(324) 6 Mb
---   619 rows  619 columns  2,984 non-zeroes
---   3,692 nl-code  1,275 nl-non-zeroes
--- Range statistics (absolute non-zero finite values)
--- RHS       [min, max] : [ 2.850E+02, 1.200E+03] - Zero values observed as well
--- Bound     [min, max] : [ 1.000E-05, 1.000E+00]
--- Matrix    [min, max] : [ 8.817E-06, 4.308E+04]
--- SAM_CGE_2018:2017.gms(324) 4 Mb
--- Executing CONOPT (Solvelink=2): elapsed 0:00:00.026

CONOPT 3         42.5.0 cf11b917 Mar 30, 2023          DEG x86 64bit/macOS    

--- *** This solver runs with a demo license. No commercial use.
 
 
    C O N O P T 3   version 3.17N
    Copyright (C)   ARKI Consulting and Development A/S
                    Bagsvaerdvej 246 A
                    DK-2880 Bagsvaerd, Denmark
 
 
   Iter Phase Ninf   Infeasibility   RGmax    NSB   Step InItr MX OK
      0   0        1.6548566985E+05 (Input point)
 
                   Pre-triangular equations:   0
                   Post-triangular equations:  1
                   Definitional equations:     78
 
      1   0        1.6830237486E+05 (After pre-processing)
      2   0        8.7785418189E+01 (After scaling)
      5   0     3  8.6552432430E+01               2.2E-03      T  T
     10   0     8  7.3905349940E+01               5.6E-02      T  T
     15   0    12  7.2125565542E+01               3.3E-02      T  T
     20   0    17  7.8655921275E+01               0.0E+00      F  F
     25   0    22  7.8655921275E+01               0.0E+00      F  F
     30   0    27  7.8655921275E+01               0.0E+00      F  F
     35   0    32  7.8655921275E+01               0.0E+00      F  F
 
   Iter Phase Ninf   Infeasibility   RGmax    NSB   Step InItr MX OK
     40   0    37  7.8655921275E+01               0.0E+00      F  F
     45   0    42  7.8655921275E+01               0.0E+00      F  F
     50   0    47  7.8655921275E+01               0.0E+00      F  F
     55   0    52  7.8655921275E+01               0.0E+00      F  F
     60   0    57  7.8655921275E+01               0.0E+00      F  F
     65   0    62  7.8655921275E+01               0.0E+00      F  F
     70   0    67  7.7151131183E+01               3.7E-01      T  T
     75   0    71  7.8281766378E+01               0.0E+00      F  F
     80   0    76  7.8281766378E+01               0.0E+00      F  F
     85   0    81  7.8281766378E+01               0.0E+00      F  F
 
   Iter Phase Ninf   Infeasibility   RGmax    NSB   Step InItr MX OK
     90   0    86  7.8281766378E+01               0.0E+00      F  F
     95   0    91  7.8281766378E+01               0.0E+00      F  F
    100   0    96  7.8281766378E+01               0.0E+00      F  F
    105   0   101  7.8281766378E+01               0.0E+00      F  F
    110   0   106  7.8281766378E+01               0.0E+00      F  F
    115   0   111  7.8281766378E+01               0.0E+00      F  F
    120   0   116  7.8281766378E+01               0.0E+00      F  F
    125   0   121  7.8281766378E+01               0.0E+00      F  F
    130   0   126  7.8281766378E+01               0.0E+00      F  F
    135   0   131  7.8281766378E+01               0.0E+00      F  F
 
   Iter Phase Ninf   Infeasibility   RGmax    NSB   Step InItr MX OK
    140   0   136  7.8281766378E+01               0.0E+00      F  F
    145   0   141  7.8281766378E+01               0.0E+00      F  F
    150   0   146  7.8281766378E+01               0.0E+00      F  F
    155   0   151  7.8281766378E+01               0.0E+00      F  F
    160   0   156  7.8281766378E+01               0.0E+00      F  F
    165   0   161  7.8281766378E+01               0.0E+00      F  F
    170   0   166  7.8281766378E+01               0.0E+00      F  F
    175   0   171  7.8281766378E+01               0.0E+00      F  F
    180   0   176  7.8281766378E+01               0.0E+00      F  F
    185   0   181  7.8281766378E+01               0.0E+00      F  F
 
   Iter Phase Ninf   Infeasibility   RGmax    NSB   Step InItr MX OK
    190   0   186  7.8281766378E+01               0.0E+00      F  F
    195   0   191  7.8281766378E+01               0.0E+00      F  F
    200   0   196  7.8281766378E+01               0.0E+00      F  F
    205   0   201  7.8281766378E+01               0.0E+00      F  F
    210   0   206  7.8281766378E+01               0.0E+00      F  F
    215   0   211  7.8281766378E+01               0.0E+00      F  F
    220   0   216  7.8281766378E+01               0.0E+00      F  F
    225   0   221  7.8281766378E+01               0.0E+00      F  F
    230   0   226  7.8281766378E+01               0.0E+00      F  F
    235   0   231  7.8281766378E+01               0.0E+00      F  F
 
   Iter Phase Ninf   Infeasibility   RGmax    NSB   Step InItr MX OK
    240   1   232  7.8221119513E+01 2.0E+01   223 1.0E+00    3 T  T
    241   1   227  7.8201217437E+01 1.3E+01   220 1.0E+00    5 T  T
    242   1   219  7.8125348026E+01 1.3E+01   215 1.0E+00    8 T  T
    243   1   207  7.7875732400E+01 9.8E+00   207 1.0E+00   13 T  T
    244   1   207  7.7873708726E+01 1.9E+01   195 3.9E-03   18 F  F
    245   1   203  7.7683547401E+01 1.0E+01   195 1.0E+00    4 T  T
    246   1   194  7.7424459343E+01 9.8E+00   191 1.0E+00    9 T  T
    247   1   180  7.6925758928E+01 4.7E+00   182 1.0E+00   14 T  T
    248   1   162  7.5771258405E+01 4.7E+00   168 1.0E+00   19 T  T
    249   1   162  7.5747061095E+01 4.5E+00   150 7.1E-03   24 F  F
 
   Iter Phase Ninf   Infeasibility   RGmax    NSB   Step InItr MX OK
    250   1   162  7.5738212493E+01 6.6E+00   150 1.6E-02    6 F  F
    251   1   162  7.5673077945E+01 3.1E+00   150 3.1E-04      F  F
    256   1   159  7.5365328045E+01 3.1E+00   147 9.6E-05      T  T
    261   1   155  7.5010889676E+01 3.1E+00   143 7.0E-03    3 F  F
    262   1   155  7.4878255682E+01 6.6E+00   143 1.0E+00    1 T  T
    263   1   155  7.4873177426E+01 3.1E+00   143 6.9E-03    5 F  F
    264   1   154  7.4853499672E+01 3.1E+00   143 1.0E+00    1 T  T
    265   1   150  7.4099693036E+01 7.5E+00   142 1.0E+00    5 T  T
    266   1   150  7.4065690723E+01 3.1E+00   138 1.6E-02   11 F  F
    267   1   149  7.3391123283E+01 4.0E+00   138 1.0E+00    2 T  T
 
   Iter Phase Ninf   Infeasibility   RGmax    NSB   Step InItr MX OK
    268   1   149  7.3371009630E+01 3.1E+00   137 1.6E-02    7 F  F
    269   1   149  7.3321286424E+01 4.7E+00   137 1.0E+00    1 T  T
    270   1   149  7.3304245586E+01 3.1E+00   137 1.6E-02    5 F  F
    271   1   149  7.3254029227E+01 4.5E+00   137 1.0E+00    1 T  T
    272   1   149  7.3239653758E+01 3.1E+00   137 1.6E-02    4 F  F
    273   1   149  7.3187223937E+01 4.4E+00   137 1.0E+00    1 T  T
    274   1   149  7.3173392794E+01 4.0E+00   137 1.6E-02    4 F  F
    275   1   149  7.3122437972E+01 4.4E+00   137 1.0E+00    1 T  T
    276   1   149  7.3109890590E+01 3.1E+00   137 1.6E-02    4 F  F
    277   1   148  7.3100914763E+01 4.0E+00   137 1.0E+00    1 T  T
 
   Iter Phase Ninf   Infeasibility   RGmax    NSB   Step InItr MX OK
    278   1   147  7.2443126700E+01 5.2E+00   136 1.0E+00    2 T  T
    279   1   147  7.2424231158E+01 4.0E+00   135 1.6E-02   11 F  F
    280   1   146  7.2298825330E+01 6.9E+00   135 1.0E+00    2 T  T
    281   1   146  7.2291596542E+01 3.1E+00   134 1.6E-02    7 F  F
    282   1   145  7.2242178484E+01 3.1E+00   134 1.0E+00    1 T  T
    283   1   145  7.2238257351E+01 1.1E+01   133 1.6E-02    6 F  F
    284   1   144  7.2192939533E+01 3.1E+00   133 1.0E+00    1 T  T
    285   1   140  7.1860925270E+01 7.4E+00   132 1.0E+00    5 T  T
    286   1   140  7.1791095378E+01 3.1E+00   128 5.0E-02   11 F  F
    287   1   139  7.1718248112E+01 3.1E+00   128 1.0E+00    2 T  T
 
   Iter Phase Ninf   Infeasibility   RGmax    NSB   Step InItr MX OK
    288   1   139  7.1652311406E+01 3.1E+00   127 6.2E-02    5 F  F
    289   1   138  7.1352582235E+01 3.1E+00   127 1.0E+00    2 T  T
    290   1   138  7.1286286977E+01 3.1E+00   126 6.2E-02    6 F  F
    291   1   137  7.1065866024E+01 7.4E+00   126 1.0E+00    2 T  T
    292   1   137  7.0853652640E+01 3.1E+00   125 2.5E-01    6 F  F
    293   1   135  7.0532771735E+01 3.1E+00   125 1.0E+00    3 T  T
    294   1   129  6.9860489117E+01 3.1E+00   122 1.0E+00    7 T  T
    295   1   117  6.5095838964E+01 4.6E+00   116 1.0E+00   12 T  T
    296   1   100  6.0460460117E+01 4.3E+00   104 1.0E+00   17 T  T
    297   1    79  4.6510001156E+01 1.4E+01    87 1.0E+00   22 T  T
 
   Iter Phase Ninf   Infeasibility   RGmax    NSB   Step InItr MX OK
    298   1    79  3.8940411083E+01 7.5E+00    66 3.5E-01   27 F  F
    299   1    79  3.6805222692E+01 1.0E+01    66 3.2E-01   10 F  F
    301   1    78  3.4747373429E+01 1.2E+01    65 7.7E-03      F  F
    306   1    73  3.2361496866E+01 4.2E+00    61 1.9E-02      T  T
    307   1    70  3.0893212271E+01 2.7E+00    60 1.0E+00    3 T  T
    308   1    69  2.5602936726E+01 2.8E+00    57 9.4E-01    8 T  T
    309   1    54  2.3985639198E+01 2.2E+00    56 1.0E+00   15 T  T
    310   1    54  2.0232134849E+01 4.3E+00    41 4.8E-01   18 F  F
    311   1    47  1.8761689309E+01 1.3E+00    41 1.0E+00    7 T  T
    312   1    47  1.6697265747E+01 1.2E+00    34 6.8E-01    9 F  F
 
   Iter Phase Ninf   Infeasibility   RGmax    NSB   Step InItr MX OK
    313   1    40  1.6355464962E+01 1.3E+00    34 1.0E+00    7 T  T
    314   1    40  1.5328561855E+01 1.4E+00    27 4.4E-01    7 F  F
    315   1    38  1.4686838978E+01 2.9E+00    27 1.0E+00    2 T  T
    316   1    36  1.3511040506E+01 7.7E-01    25 1.0E+00    2 T  T
    317   1    36  1.2963866312E+01 7.0E-01    23 3.5E-01    5 F  F
    318   1    33  1.2561148087E+01 1.3E+00    23 1.0E+00    3 T  T
    319   1    33  1.2050385433E+01 4.4E-01    20 6.2E-01    1 F  F
    320   1    32  1.1732434689E+01 4.3E-01    20 1.0E+00    1 T  T
    321   1    32  1.1256728944E+01 2.4E+01    19 5.0E-01    2 F  F
    322   1    31  1.0951482069E+01 6.6E-01    19 1.0E+00    1 T  T
 
   Iter Phase Ninf   Infeasibility   RGmax    NSB   Step InItr MX OK
    323   1    31  1.0262988389E+01 3.5E+01    28 3.7E-01    3 F  F
    324   1    29  9.6077350632E+00 1.0E+00    28 1.0E+00    2 T  T
    325   1    23  7.6506338773E+00 1.0E+00    26 1.0E+00    6 T  T
    326   1    23  7.6459084121E+00 7.8E+02    22 2.4E-03   11 F  F
    327   1    23  7.5477512206E+00 8.1E+02    22 2.8E-01    2 F  F
    331   1    21  7.1243345749E+00 1.5E+00    19 2.0E-02      F  F
    334   1    20  6.4850247189E+00 4.5E+02    18 3.7E-01    3 F  F
    335   1    17  5.9104272464E+00 8.8E-01    18 1.0E+00    3 T  T
    336   1    17  5.4582262729E+00 9.6E+02    15 3.5E-01    4 F  F
    337   1    17  5.3998505152E+00 5.1E+02    15 2.5E-01    2 F  F
 
   Iter Phase Ninf   Infeasibility   RGmax    NSB   Step InItr MX OK
    341   1    17  4.8926671459E+00 6.9E-01    15 9.1E-02      T  T
    346   1    16  3.7810545556E+00 1.3E-01    13 4.5E+00      F  F
    351   1    14  3.2722285982E+00 8.8E-02    12 7.1E+00      T  T
    352   1    14  3.0522425386E+00 1.7E+00    11 5.0E-01    3 F  F
    353   1    14  3.0209500961E+00 5.0E+01    11 5.0E-01    4 F  F
    356   2    14  3.0206804817E+00 1.9E-01    11 1.9E+01      F  T
    357   2    14  2.8843378047E+00 7.7E+02    11 4.7E-01    3 F  F
    358   2    14  2.8717378660E+00 6.5E+03     9 1.0E+00    1 T  T
    359   2    14  2.7339471267E+00 2.7E+00     9 6.6E-01    5 F  F
    360   2    14  2.7279642433E+00 1.1E+01     8 7.1E-01    2 F  T
 
   Iter Phase Ninf   Infeasibility   RGmax    NSB   Step InItr MX OK
    361   2    13  2.6919101091E+00 9.1E-01     9 1.0E+00    1 T  T
    362   2    13  2.5272574957E+00 5.2E+00     8 7.4E-01    6 F  F
    363   2    13  2.5014622216E+00 4.8E-02     8 7.7E-01    1 F  F
    364   2    13  2.2300012813E+00 5.2E-02     7 2.0E+00    2 T  T
    365   2    12  2.1117197155E+00 4.1E-01     7 1.0E+00    1 T  T
    366   2    12  1.9800716402E+00 7.0E-02     6 1.9E+00    6 T  T
    367   2    12  1.8948253891E+00 2.5E-02     6 1.9E+00    3 T  T
    370   2    12  1.8138101067E+00 2.4E+02     6 1.0E+00    3 T  T
    371   2    12  1.8126570398E+00 3.9E+02     6 4.2E-02      F  T
    372   2    12  1.8126561160E+00 6.6E+02     8 3.5E-04    1 F  F
 
   Iter Phase Ninf   Infeasibility   RGmax    NSB   Step InItr MX OK
    373   1    12  1.8111348623E+00 6.8E+02     8 5.1E-09      F  F
    374   1    12  1.8031655753E+00 9.5E-01     8 4.7E-01      F  F
    375   1    12  1.7927614072E+00 1.0E+00     8 4.7E+00      T  T
    376   1    12  1.7926642110E+00 2.6E+05     8 1.5E-15      T  T
    377   1    12  1.7926642110E+00 5.3E-02     7 0.0E+00      T  T
    378   1    12  1.7926400449E+00 9.1E-02     7 6.3E-03      F  T
    379   1    12  1.7923822060E+00 2.4E-02     7 3.2E-01      F  F
    380   1    12  1.7908122873E+00 4.0E+00     7 1.6E-04      F  T
    381   2    12  1.7906415565E+00 1.1E+00     7 1.3E+00      F  T
    382   2    12  1.7791125209E+00 2.5E-02     7 2.5E-01    3 F  F
 
   Iter Phase Ninf   Infeasibility   RGmax    NSB   Step InItr MX OK
    383   2    12  1.7631558799E+00 3.5E-02     6 1.6E+00    1 T  T
    384   2    12  1.7450895322E+00 9.1E-02     7 6.8E-01    3 F  F
    385   2    11  1.7393031656E+00 8.8E-01     7 1.0E+00    3 T  T
    386   2    11  1.7280108363E+00 6.0E+00     6 7.4E-01    3 F  T
    387   2    11  1.7259984069E+00 8.8E+02     6 1.0E+00    1 T  T
    388   2    11  1.7194083619E+00 9.2E+00     6 3.9E-01    2 F  T
    389   2    11  1.7129615783E+00 1.8E+00     6 8.0E-01    2 F  T
    390   2    11  1.7054508690E+00 6.6E+02     6 1.0E+00    4 T  T
    391   2    11  1.7042049645E+00 1.2E+03     6 1.0E+00    1 T  T
    392   2    10  1.6957470106E+00 1.6E+03     6 1.0E+00    4 T  T
 
   Iter Phase Ninf   Infeasibility   RGmax    NSB   Step InItr MX OK
    393   2    10  1.6956578415E+00 5.3E-03     4 1.0E+00    2 T  T
    394   2    10  1.6955640816E+00 4.8E-04     4 1.6E+00    9 T  T
    395   2    10  1.6953783594E+00 1.6E-01     4 8.6E+02    1 T  T
    396   2    10  1.6904604118E+00 7.1E-03     4 2.1E+01    3 T  T
    399   2    10  1.6873014914E+00 1.1E+01     4 4.3E-01    1 F  T
    400   2    10  1.6872456103E+00 8.1E+00     4 1.0E+00    1 T  T
    401   2    10  1.6872438681E+00 1.3E+00     4 1.0E+00    1 T  T
    402   2     9  1.6814074350E+00 2.6E+01     4 1.0E+00    2 T  T
    403   2     9  1.6808463525E+00 5.3E-03     2 1.0E+00    2 T  T
    404   2     9  1.6797781992E+00 6.5E-04     2 5.1E+00    2 T  T
 
   Iter Phase Ninf   Infeasibility   RGmax    NSB   Step InItr MX OK
    405   2     8  1.6760255244E+00 3.1E-03     2 2.9E+00    2 T  T
    406   1     8  1.6753510736E+00 6.9E-03     1 2.7E+01      F  T
    408   2     8  1.6753428426E+00 1.3E-04     1 1.0E+00    1 T  T
    409   2     8  1.6753428426E+00 6.9E-07     1 1.0E+00    1 T  T
    410   2     8  1.6753428426E+00 1.2E-11     1
 
 ** Infeasible solution. Reduced gradient less than tolerance.
 
--- Reading solution for model stdcge
--- Executing after solve: elapsed 0:00:01.264
--- SAM_CGE_2018:2017.gms(329) 4 Mb
--- Generating NLP model stdcge
--- SAM_CGE_2018:2017.gms(331) 6 Mb
---   619 rows  619 columns  2,950 non-zeroes
---   3,573 nl-code  1,241 nl-non-zeroes
--- Range statistics (absolute non-zero finite values)
--- RHS       [min, max] : [ 2.850E+02, 1.200E+03] - Zero values observed as well
--- Bound     [min, max] : [ 1.000E-05, 1.000E+00]
--- Matrix    [min, max] : [ 8.490E-11, 9.776E+02]
--- SAM_CGE_2018:2017.gms(331) 4 Mb
--- Executing CONOPT (Solvelink=2): elapsed 0:00:01.274

CONOPT 3         42.5.0 cf11b917 Mar 30, 2023          DEG x86 64bit/macOS    

--- *** This solver runs with a demo license. No commercial use.
 
 
    C O N O P T 3   version 3.17N
    Copyright (C)   ARKI Consulting and Development A/S
                    Bagsvaerdvej 246 A
                    DK-2880 Bagsvaerd, Denmark
 
 
   Iter Phase Ninf   Infeasibility   RGmax    NSB   Step InItr MX OK
      0   0        8.3560909430E+06 (Input point)
 
 ** An equation in the pre-triangular part of the model cannot
    be solved because the critical variable is at a bound.
 
--- Reading solution for model stdcge
--- Executing after solve: elapsed 0:00:01.344
--- SAM_CGE_2018:2017.gms(421) 4 Mb
--- Putfile listA1out /Users/gabrielbontemps/Library/CloudStorage/OneDrive-Personal/Université/LMD/Master E&P/M1/Mémoire/Dissertation/Scripts/SAM_CGE_GAMS/listA1.csv
*** Status: Normal completion
--- Job SAM_CGE_2018:2017.gms Stop 06/01/23 17:54:39 elapsed 0:00:01.349
