--- Job SAM_CGE_2020:2017.gms Start 06/01/23 18:05:30 42.5.0 cf11b917 DEX-DEG x86 64bit/macOS
--- Applying:
    /Library/Frameworks/GAMS.framework/Versions/42/Resources/gmsprmun.txt
--- GAMS Parameters defined
    Input "/Users/gabrielbontemps/Library/CloudStorage/OneDrive-Personal/Université/LMD/Master E&P/M1/Mémoire/Dissertation/Scripts/SAM_CGE_GAMS/SAM_CGE_2020:2017.gms"
    PageSize 0
    ScrDir "/Users/gabrielbontemps/Library/CloudStorage/OneDrive-Personal/Université/LMD/Master E&P/M1/Mémoire/Dissertation/Scripts/SAM_CGE_GAMS/225a/"
    SysDir /Library/Frameworks/GAMS.framework/Versions/42/Resources/
    LogOption 3
    ErrMsg 1
    ErrorLog 99
    IDE 1
    LstTitleLeftAligned 1
Licensee: GAMS Demo license for Gabriel Bontemps         G230312|0002CO-GEN
          Paris school of Economics, France                        DL087641
          /Users/gabrielbontemps/Library/Application Support/GAMS/gamslice.txt
          Gabriel.Bontemps@etu.univ-paris1.fr, Gabriel Bontemps            
          Demo license for demonstration and instructional purposes only
Processor information: 1 socket(s), 4 core(s), and 8 thread(s) available
GAMS 42.5.0   Copyright (C) 1987-2023 GAMS Development. All rights reserved
--- Starting compilation
--- SAM_CGE_2020:2017.gms(420) 3 Mb
--- Starting execution: elapsed 0:00:00.012
--- SAM_CGE_2020:2017.gms(319) 4 Mb
--- Generating NLP model stdcge
--- SAM_CGE_2020:2017.gms(323) 6 Mb
---   619 rows  619 columns  2,984 non-zeroes
---   3,692 nl-code  1,275 nl-non-zeroes
--- Range statistics (absolute non-zero finite values)
--- RHS       [min, max] : [ 2.850E+02, 1.200E+03] - Zero values observed as well
--- Bound     [min, max] : [ 1.000E-05, 1.000E+00]
--- Matrix    [min, max] : [ 1.011E-05, 4.940E+04]
--- SAM_CGE_2020:2017.gms(323) 4 Mb
--- Executing CONOPT (Solvelink=2): elapsed 0:00:00.026

CONOPT 3         42.5.0 cf11b917 Mar 30, 2023          DEG x86 64bit/macOS    

--- *** This solver runs with a demo license. No commercial use.
 
 
    C O N O P T 3   version 3.17N
    Copyright (C)   ARKI Consulting and Development A/S
                    Bagsvaerdvej 246 A
                    DK-2880 Bagsvaerd, Denmark
 
 
   Iter Phase Ninf   Infeasibility   RGmax    NSB   Step InItr MX OK
      0   0        1.7530182673E+05 (Input point)
 
                   Pre-triangular equations:   0
                   Post-triangular equations:  1
                   Definitional equations:     78
 
      1   0        1.7946617087E+05 (After pre-processing)
      2   0        9.1889376630E+01 (After scaling)
      5   0     3  8.0700522165E+01               0.0E+00      F  F
     10   0     8  6.6197218970E+01               1.7E-01      T  T
     15   0     9  7.0399992388E+01               0.0E+00      F  F
     20   0    10  5.8846724480E+01               0.0E+00      F  F
     25   0    12  6.3852123126E+01               1.5E-01      T  T
     30   0    17  7.3299751885E+01               0.0E+00      T  T
     35   0    22  7.3299751885E+01               0.0E+00      F  F
 
   Iter Phase Ninf   Infeasibility   RGmax    NSB   Step InItr MX OK
     40   0    27  7.3299751885E+01               0.0E+00      F  F
     45   0    32  7.3299751885E+01               0.0E+00      F  F
     50   0    37  7.3299751885E+01               0.0E+00      F  F
     55   0    42  7.3299751885E+01               0.0E+00      F  F
     60   0    47  7.3299751885E+01               0.0E+00      F  F
     65   0    52  7.3299751885E+01               0.0E+00      F  F
     70   0    57  6.9036294220E+01               0.0E+00      F  F
     75   0    61  6.8237320937E+01               0.0E+00      F  F
     80   0    66  6.8237320937E+01               0.0E+00      F  F
     85   0    71  6.8237320937E+01               0.0E+00      F  F
 
   Iter Phase Ninf   Infeasibility   RGmax    NSB   Step InItr MX OK
     90   0    76  6.8237320937E+01               0.0E+00      F  F
     95   0    81  6.8237320937E+01               0.0E+00      F  F
    100   0    86  6.8237320937E+01               0.0E+00      F  F
    105   0    91  6.8237320937E+01               0.0E+00      F  F
    110   0    96  6.8237320937E+01               0.0E+00      F  F
    115   0   101  6.8237320937E+01               0.0E+00      F  F
    120   0   106  6.8237320937E+01               0.0E+00      F  F
    125   0   111  6.8237320937E+01               0.0E+00      F  F
    130   0   116  6.8237320937E+01               0.0E+00      F  F
    135   0   121  6.8237320937E+01               0.0E+00      F  F
 
   Iter Phase Ninf   Infeasibility   RGmax    NSB   Step InItr MX OK
    140   0   126  6.8237320937E+01               0.0E+00      F  F
    145   0   131  6.8237320937E+01               0.0E+00      F  F
    150   0   136  6.8237320937E+01               0.0E+00      F  F
    155   0   141  6.8237320937E+01               0.0E+00      F  F
    160   0   146  6.8237320937E+01               0.0E+00      F  F
    165   0   151  6.8237320937E+01               0.0E+00      F  F
    170   0   156  6.8237320937E+01               0.0E+00      F  F
    175   0   161  6.8237320937E+01               0.0E+00      F  F
    180   0   166  6.8237320937E+01               0.0E+00      F  F
    185   0   171  6.8237320937E+01               0.0E+00      F  F
 
   Iter Phase Ninf   Infeasibility   RGmax    NSB   Step InItr MX OK
    190   0   176  6.8237320937E+01               0.0E+00      F  F
    195   0   181  6.8237320937E+01               0.0E+00      F  F
    200   0   186  6.8237320937E+01               0.0E+00      F  F
    205   0   191  6.8237320937E+01               0.0E+00      F  F
    210   0   196  6.8237320937E+01               0.0E+00      F  F
    215   0   201  6.8237320937E+01               0.0E+00      F  F
    220   0   206  6.8237320937E+01               0.0E+00      F  F
    225   0   211  6.8237320937E+01               0.0E+00      F  F
    230   0   216  6.8237320937E+01               0.0E+00      F  F
    235   0   221  6.8237320937E+01               0.0E+00      F  F
 
   Iter Phase Ninf   Infeasibility   RGmax    NSB   Step InItr MX OK
    240   0   225  6.8236013472E+01               1.0E+00      F  T
    241   1   225  6.8064631450E+01 8.3E+03   213 6.2E-02    3 F  F
    242   1   224  6.7144294315E+01 2.4E+02   213 1.0E+00    1 T  T
    243   1   218  6.6434770837E+01 4.3E+03   213 1.0E+00    6 T  T
    244   1   218  6.3869412284E+01 1.2E+02   207 5.0E-01    6 F  F
    245   1   217  6.2978156420E+01 3.6E+02   207 9.3E-01    3 T  T
    246   1   210  6.1069363677E+01 3.0E+02   206 1.0E+00    7 T  T
    247   1   209  5.8135824738E+01 3.1E+01   199 8.1E-01   12 T  T
    248   1   197  5.6948953656E+01 1.1E+01   198 1.0E+00   12 T  T
    249   1   189  5.6064198607E+01 8.6E+00   186 1.0E+00    8 T  T
 
   Iter Phase Ninf   Infeasibility   RGmax    NSB   Step InItr MX OK
    250   1   176  5.4899893965E+01 7.3E+00   178 1.0E+00   13 T  T
    251   1   159  4.5443430146E+01 7.3E+00   165 1.0E+00   18 T  T
    252   1   136  4.0443236066E+01 7.2E+00   147 1.0E+00   23 T  T
    253   1   108  3.2216488948E+01 6.1E+00   124 1.0E+00   28 T  T
    254   1   108  3.2209216948E+01 1.1E+03   107 9.6E-04   33 F  F
    255   1   108  3.0120618940E+01 1.5E+02   107 7.8E-01    8 F  F
    256   1   107  3.0105326322E+01 3.1E+00   107 2.5E-04      T  T
    261   1   102  2.9592791142E+01 3.1E+00   102 2.4E-03      T  T
    262   1    99  2.9096883578E+01 3.1E+00   101 1.0E+00    3 T  T
    263   1    92  2.6982984926E+01 3.3E+00    98 1.0E+00    8 T  T
 
   Iter Phase Ninf   Infeasibility   RGmax    NSB   Step InItr MX OK
    264   1    79  2.4831010765E+01 1.7E+00    90 1.0E+00   13 T  T
    265   1    79  2.4816149141E+01 4.7E+00    78 2.8E-03   18 F  F
    266   1    79  2.4806150172E+01 5.5E+00    78 6.8E-03    4 F  F
    271   1    72  2.3485370341E+01 1.6E+00    74 1.0E+00    3 T  T
    272   1    72  2.1599659285E+01 1.6E+00    71 4.7E-01    8 F  F
    273   1    68  2.0815399421E+01 1.4E+00    71 1.0E+00    4 T  T
    274   1    60  1.8661315524E+01 1.6E+00    67 1.0E+00    8 T  T
    275   1    54  1.6768679153E+01 1.3E+00    59 1.0E+00    6 T  T
    276   1    54  1.3803838243E+01 4.5E+02    53 6.5E-01    9 F  F
    277   1    54  1.3571772004E+01 2.4E+02    53 4.7E-01    7 F  T
 
   Iter Phase Ninf   Infeasibility   RGmax    NSB   Step InItr MX OK
    281   1    51  1.3411501993E+01 1.4E+00    51 3.3E-03      T  T
    284   1    46  1.1139502165E+01 9.0E-01    48 1.0E+00    3 T  T
    285   1    43  9.2644018290E+00 7.3E-01    45 1.0E+00    3 T  T
    286   1    40  8.0017552180E+00 4.4E-01    42 1.0E+00    4 T  T
    287   1    40  7.5652160798E+00 5.5E-01    38 2.0E-01    6 F  F
    288   1    37  7.3599478122E+00 6.1E-01    38 1.0E+00    3 T  T
    289   1    37  6.9351512527E+00 4.3E-01    35 3.4E-01    6 F  F
    290   1    33  6.7997752943E+00 4.1E-01    35 1.0E+00    4 T  T
    291   1    30  5.3376036119E+00 3.6E-01    31 1.0E+00    3 T  T
    292   1    30  4.8516462590E+00 3.8E-01    28 5.4E-01    4 F  F
 
   Iter Phase Ninf   Infeasibility   RGmax    NSB   Step InItr MX OK
    293   1    26  4.3346680410E+00 1.4E+00    28 1.0E+00    4 T  T
    294   1    26  4.0479277933E+00 1.3E+01    24 6.0E-01    3 F  F
    295   1    26  3.9415702805E+00 2.9E+01    24 3.4E-01    4 F  F
    296   1    26  3.9173388329E+00 5.9E+01    24 4.6E-06      F  F
    301   1    24  3.3998085515E+00 1.5E-01    22 3.7E+00      F  F
    306   1    22  2.8203475849E+00 6.3E-02    21 2.4E+00      T  T
    309   1    22  2.6322048368E+00 1.6E+02    19 7.5E-01    3 F  T
    310   1    22  2.6145612996E+00 2.1E+01    19 3.8E-01    3 F  F
    311   1    21  2.6091511539E+00 6.6E+00    19 2.0E-04      T  T
    321   1    21  2.4806384310E+00 6.5E-02    17 3.5E+00      F  F
 
   Iter Phase Ninf   Infeasibility   RGmax    NSB   Step InItr MX OK
    324   1    18  2.3621507165E+00 1.1E+01    17 1.0E+00    3 T  T
    325   1    18  2.3349232775E+00 5.7E+02    15 1.7E-01    8 F  F
    326   1    18  2.3335135766E+00 9.3E+03    15 1.9E-01    4 F  T
    331   1    16  2.2784555606E+00 6.8E-01    12 4.5E-03      F  F
    335   1    15  2.1363874455E+00 2.4E+02    11 2.6E-01    3 F  F
    336   1    15  2.1310901886E+00 1.5E+02    11 3.8E-01    2 F  F
    340   2    15  2.1280645847E+00 3.7E-02    11 1.6E-01    3 F  T
    341   2    15  2.0989177573E+00 2.7E-02    10 1.5E+00    1 T  T
    342   2    15  2.0930515235E+00 3.3E-02    10 8.8E-01      F  T
    343   2    15  2.0466189329E+00 1.0E+00    10 1.0E+00    3 T  T
 
   Iter Phase Ninf   Infeasibility   RGmax    NSB   Step InItr MX OK
    344   2    15  2.0465170999E+00 8.5E-02    10 1.8E+00      F  T
    345   2    14  2.0448937815E+00 8.2E-01    10 1.0E+00    2 T  T
    346   2    14  2.0239097231E+00 2.8E+02     9 6.5E-01    1 F  F
    347   2    14  1.9996986615E+00 8.8E+02     9 8.5E-01    1 T  T
    348   2    14  1.9990385183E+00 8.3E+02     8 7.7E-01    1 F  T
    349   2    14  1.9981534574E+00 1.3E+03     9 1.0E+00    2 T  T
    350   2    14  1.9981199263E+00 3.9E+02     8 1.0E+00    1 T  T
    351   2    14  1.9981198883E+00 1.3E+01     8 1.0E+00    1 T  T
    352   2    14  1.9684375439E+00 4.4E-02     8 1.0E+00    4 T  T
    353   2    14  1.9495652975E+00 1.1E+00     7 1.0E+00    5 T  T
 
   Iter Phase Ninf   Infeasibility   RGmax    NSB   Step InItr MX OK
    354   2    14  1.9475067190E+00 1.5E+00     7 1.0E+00    2 T  T
    355   2    14  1.9473644721E+00 8.8E-01     7 6.9E+00    2 T  T
    356   2    14  1.9361258373E+00 2.4E-01     7 1.0E+00    3 T  F
    357   2    14  1.9322198872E+00 1.9E-01     6 2.5E-01    2 F  T
    358   2    14  1.9314828236E+00 3.7E+02     6 1.0E+00    1 T  T
    359   2    14  1.9312422813E+00 1.4E+02     6 1.0E+00    1 T  T
    360   2    14  1.9257844901E+00 4.1E+01     6 4.0E+00   10 T  T
    361   2    14  1.9255846271E+00 2.8E+01     6 1.0E+00    1 T  T
    362   2    14  1.9250877989E+00 1.0E+01     6 1.0E+00    2 T  T
    363   2    14  1.9221686279E+00 3.3E-01     7 5.7E-01    9 F  T
 
   Iter Phase Ninf   Infeasibility   RGmax    NSB   Step InItr MX OK
    364   2    14  1.9217860548E+00 3.7E+01     7 5.4E-01    2 F  T
    365   2    14  1.9217629089E+00 1.9E+01     7 1.0E+00      F  T
    366   2    14  1.9217611118E+00 5.9E+00     7 1.0E+00    1 T  T
    367   2    14  1.9169461471E+00 5.8E-01     7 2.0E+00    4 T  T
    368   2    14  1.9138327595E+00 5.9E+00     7 1.2E+00    4 T  T
    369   2    14  1.9137865044E+00 2.2E+00     7 1.0E+00    3 T  T
    370   2    14  1.9078178086E+00 9.3E-02     7 3.6E+00   10 T  T
    371   2    14  1.9077809809E+00 3.0E+00     7 8.2E-01    1 F  T
    372   2    13  1.9076166772E+00 5.2E-02     7 1.0E+00    5 T  T
    373   2    12  1.9047677327E+00 1.2E-02     6 1.0E+00    9 T  T
 
   Iter Phase Ninf   Infeasibility   RGmax    NSB   Step InItr MX OK
    374   2    12  1.9021341426E+00 1.4E-03     5 1.2E+00   11 T  T
    375   2    12  1.9005205181E+00 8.5E-03     5 5.7E-01    2 F  T
    376   2    11  1.8687293836E+00 3.7E-03     3 7.7E-01    3 T  T
    377   1    11  1.8639634130E+00 5.3E-02     5 1.8E+00      F  F
    378   1    11  1.8636082388E+00 5.9E-03     5 1.6E+01      F  T
    379   2    11  1.8627328887E+00 3.0E-03     5 8.0E+00      F  T
    380   2    11  1.8588823662E+00 5.5E-03     5 1.8E+00    4 T  T
    381   2    11  1.8568322706E+00 1.4E-03     5 1.7E+00    5 T  T
    384   2    11  1.8544790655E+00 5.4E-05     5 2.8E+00    5 T  T
    385   2    11  1.8538533549E+00 2.9E-04     5 5.6E-01    1 F  T
 
   Iter Phase Ninf   Infeasibility   RGmax    NSB   Step InItr MX OK
    386   2    11  1.8514873801E+00 5.3E-03     4 2.0E+00    2 T  T
    387   2    11  1.8468003331E+00 1.5E-02     4 1.0E+00    2 T  T
    388   2    10  1.8352292788E+00 1.8E-01     4 1.0E+00    1 T  T
    389   2    10  1.8317453792E+00 1.6E-02     4 5.1E-01    2 F  T
    390   2    10  1.8312666851E+00 7.7E-03     3 3.1E-01    3 F  T
    391   2    10  1.8312181902E+00 2.4E-03     2 1.0E+00    2 T  T
    392   2    10  1.8306821451E+00 1.6E-02     3 3.8E-01    3 F  T
    393   2    10  1.8306173390E+00 2.2E-03     3 1.0E+00    3 T  T
    394   2    10  1.8306154950E+00 1.2E-03     3 1.0E+00    2 T  T
    395   2    10  1.8302229650E+00 5.7E-04     4 2.6E+00    3 T  T
 
   Iter Phase Ninf   Infeasibility   RGmax    NSB   Step InItr MX OK
    396   2    10  1.8302070478E+00 3.1E-03     4 1.0E+00      F  T
    397   2    10  1.8300856176E+00 1.6E-03     4 1.4E+00    4 T  T
    398   2    10  1.8300148496E+00 2.5E-03     4 1.5E+00    2 T  T
    399   2    10  1.8300011762E+00 2.9E-03     4 9.9E-01    2 T  T
    400   2    10  1.8300011762E+00 2.9E-03     4
 
 ** Infeasible solution. A variable has reached 'Infinity'.
    Largest legal value (Rtmaxv) is 1.00E+10
 
--- Reading solution for model stdcge
--- Executing after solve: elapsed 0:00:00.981
--- SAM_CGE_2020:2017.gms(328) 4 Mb
--- Generating NLP model stdcge
--- SAM_CGE_2020:2017.gms(330) 6 Mb
---   619 rows  619 columns  2,950 non-zeroes
---   3,573 nl-code  1,241 nl-non-zeroes
--- Range statistics (absolute non-zero finite values)
--- RHS       [min, max] : [ 2.850E+02, 1.200E+03] - Zero values observed as well
--- Bound     [min, max] : [ 1.000E-05, 1.000E+00]
--- Matrix    [min, max] : [ 3.645E-14, 9.908E+05]
--- SAM_CGE_2020:2017.gms(330) 4 Mb
--- Executing CONOPT (Solvelink=2): elapsed 0:00:00.994

CONOPT 3         42.5.0 cf11b917 Mar 30, 2023          DEG x86 64bit/macOS    

--- *** This solver runs with a demo license. No commercial use.
 
 
    C O N O P T 3   version 3.17N
    Copyright (C)   ARKI Consulting and Development A/S
                    Bagsvaerdvej 246 A
                    DK-2880 Bagsvaerd, Denmark
 
 
   Iter Phase Ninf   Infeasibility   RGmax    NSB   Step InItr MX OK
      0   0        2.4728176371E+10 (Input point)
 
 ** An equation in the pre-triangular part of the model cannot
    be solved because the critical variable is at a bound.
 
--- Reading solution for model stdcge
--- Executing after solve: elapsed 0:00:01.058
--- SAM_CGE_2020:2017.gms(420) 4 Mb
--- Putfile listA1out /Users/gabrielbontemps/Library/CloudStorage/OneDrive-Personal/Université/LMD/Master E&P/M1/Mémoire/Dissertation/Scripts/SAM_CGE_GAMS/listA1.csv
*** Status: Normal completion
--- Job SAM_CGE_2020:2017.gms Stop 06/01/23 18:05:31 elapsed 0:00:01.061
