--- Job SAM_CGE_2021:2017.gms Start 06/01/23 18:14:45 42.5.0 cf11b917 DEX-DEG x86 64bit/macOS
--- Applying:
    /Library/Frameworks/GAMS.framework/Versions/42/Resources/gmsprmun.txt
--- GAMS Parameters defined
    Input "/Users/gabrielbontemps/Library/CloudStorage/OneDrive-Personal/Université/LMD/Master E&P/M1/Mémoire/Dissertation/Scripts/SAM_CGE_GAMS/SAM_CGE_2021:2017.gms"
    PageSize 0
    ScrDir "/Users/gabrielbontemps/Library/CloudStorage/OneDrive-Personal/Université/LMD/Master E&P/M1/Mémoire/Dissertation/Scripts/SAM_CGE_GAMS/225a/"
    SysDir /Library/Frameworks/GAMS.framework/Versions/42/Resources/
    LogOption 3
    ErrMsg 1
    ErrorLog 99
    IDE 1
    LstTitleLeftAligned 1
Licensee: GAMS Demo license for Gabriel Bontemps         G230312|0002CO-GEN
          Paris school of Economics, France                        DL087641
          /Users/gabrielbontemps/Library/Application Support/GAMS/gamslice.txt
          Gabriel.Bontemps@etu.univ-paris1.fr, Gabriel Bontemps            
          Demo license for demonstration and instructional purposes only
Processor information: 1 socket(s), 4 core(s), and 8 thread(s) available
GAMS 42.5.0   Copyright (C) 1987-2023 GAMS Development. All rights reserved
--- Starting compilation
--- SAM_CGE_2021:2017.gms(420) 3 Mb
--- Starting execution: elapsed 0:00:00.011
--- SAM_CGE_2021:2017.gms(319) 4 Mb
--- Generating NLP model stdcge
--- SAM_CGE_2021:2017.gms(323) 6 Mb
---   619 rows  619 columns  2,984 non-zeroes
---   3,692 nl-code  1,275 nl-non-zeroes
--- Range statistics (absolute non-zero finite values)
--- RHS       [min, max] : [ 2.850E+02, 1.200E+03] - Zero values observed as well
--- Bound     [min, max] : [ 1.000E-05, 1.000E+00]
--- Matrix    [min, max] : [ 1.067E-05, 5.213E+04]
--- SAM_CGE_2021:2017.gms(323) 4 Mb
--- Executing CONOPT (Solvelink=2): elapsed 0:00:00.025

CONOPT 3         42.5.0 cf11b917 Mar 30, 2023          DEG x86 64bit/macOS    

--- *** This solver runs with a demo license. No commercial use.
 
 
    C O N O P T 3   version 3.17N
    Copyright (C)   ARKI Consulting and Development A/S
                    Bagsvaerdvej 246 A
                    DK-2880 Bagsvaerd, Denmark
 
 
   Iter Phase Ninf   Infeasibility   RGmax    NSB   Step InItr MX OK
      0   0        1.7958900743E+05 (Input point)
 
                   Pre-triangular equations:   0
                   Post-triangular equations:  1
                   Definitional equations:     78
 
      1   0        1.8423582149E+05 (After pre-processing)
      2   0        9.4639596922E+01 (After scaling)
      5   0     3  7.8954744752E+01               0.0E+00      F  F
     10   0     8  7.3364969522E+01               1.5E-01      T  T
     15   0    12  5.4723919525E+01               0.0E+00      F  F
     20   0    16  5.7446596254E+01               0.0E+00      F  F
     25   0    19  3.2006969330E+01               3.9E-02      T  T
     30   0    19  4.6428204205E+01               0.0E+00      F  F
     35   0    22  4.5987353460E+01               7.4E-03      T  T
 
   Iter Phase Ninf   Infeasibility   RGmax    NSB   Step InItr MX OK
     40   0    26  4.3303769438E+01               9.5E-02      T  T
     45   0    27  2.0572883395E+01               0.0E+00      F  F
     50   0    31  2.2325989266E+01               0.0E+00      F  F
     55   0    36  2.2325989266E+01               0.0E+00      F  F
     60   0    41  2.2325989266E+01               0.0E+00      F  F
     65   0    46  2.2325989266E+01               0.0E+00      F  F
     70   0    51  2.2325989266E+01               0.0E+00      F  F
     75   0    56  2.2325989266E+01               0.0E+00      F  F
     80   0    61  2.2325989266E+01               0.0E+00      F  F
     85   0    66  1.9779098526E+01               0.0E+00      F  F
 
   Iter Phase Ninf   Infeasibility   RGmax    NSB   Step InItr MX OK
     90   0    71  1.9779098526E+01               0.0E+00      F  F
     95   0    76  1.9779098526E+01               0.0E+00      F  F
    100   0    81  1.9779098526E+01               0.0E+00      F  F
    105   0    86  1.9779098526E+01               0.0E+00      F  F
    110   0    91  1.9779098526E+01               0.0E+00      F  F
    115   0    96  1.9779098526E+01               0.0E+00      F  F
    120   0   101  1.9779098526E+01               0.0E+00      F  F
    125   0   106  1.9779098526E+01               0.0E+00      F  F
    130   0   111  1.9779098526E+01               0.0E+00      F  F
    135   0   116  1.9779098526E+01               0.0E+00      F  F
 
   Iter Phase Ninf   Infeasibility   RGmax    NSB   Step InItr MX OK
    140   0   121  1.9779098526E+01               0.0E+00      F  F
    145   0   126  1.9779098526E+01               0.0E+00      F  F
    150   0   131  1.9779098526E+01               0.0E+00      F  F
    155   0   136  1.9779098526E+01               0.0E+00      F  F
    160   0   141  1.9779098526E+01               0.0E+00      F  F
    165   0   146  1.9779098526E+01               0.0E+00      F  F
    170   0   151  1.9779098526E+01               0.0E+00      F  F
    175   0   156  1.9779098526E+01               0.0E+00      F  F
    180   0   161  1.9779098526E+01               0.0E+00      F  F
    185   0   166  1.9779098526E+01               0.0E+00      F  F
 
   Iter Phase Ninf   Infeasibility   RGmax    NSB   Step InItr MX OK
    190   0   171  1.9779098526E+01               0.0E+00      F  F
    195   0   176  1.9779098526E+01               0.0E+00      F  F
    200   0   181  1.9779098526E+01               0.0E+00      F  F
    205   0   186  1.9779098526E+01               0.0E+00      F  F
    210   0   191  1.9779098526E+01               0.0E+00      F  F
    215   0   196  1.9779098526E+01               0.0E+00      F  F
    220   0   201  1.9779098526E+01               0.0E+00      F  F
    225   0   206  1.9779098526E+01               0.0E+00      F  F
    230   0   211  1.9779098526E+01               0.0E+00      F  F
    235   0   216  1.9779098526E+01               0.0E+00      F  F
 
   Iter Phase Ninf   Infeasibility   RGmax    NSB   Step InItr MX OK
    240   0   221  1.9779098526E+01               0.0E+00      F  F
    245   0   226  1.9779098526E+01               0.0E+00      F  F
    250   0   230  1.9765687999E+01               0.0E+00      F  F
    253   1   228  1.9373543818E+01 3.3E+03   208 1.0E+00    3 T  T
    254   1   224  1.9237952087E+01 9.5E+02   205 1.0E+00    4 T  T
    255   1   224  1.9044181276E+01 2.7E+02   201 1.4E-01    5 F  F
    256   1   223  1.8774723887E+01 1.7E+02   200 1.0E+00    1 T  T
    257   1   222  1.8639874201E+01 7.6E+01   199 1.0E+00    1 T  T
    258   1   216  1.8323623806E+01 6.5E+01   198 1.0E+00    6 T  T
    259   1   210  1.8085361988E+01 3.5E+01   193 1.0E+00    6 T  T
 
   Iter Phase Ninf   Infeasibility   RGmax    NSB   Step InItr MX OK
    260   1   209  1.7561108502E+01 2.8E+01   187 9.4E-01    9 T  T
    261   1   196  1.7243245401E+01 9.7E+00   186 1.0E+00   13 T  T
    262   1   179  1.6668708624E+01 5.7E+00   173 1.0E+00   17 T  T
    263   1   157  1.5455185945E+01 1.7E+01   157 1.0E+00   22 T  T
    264   1   156  1.3548354492E+01 3.3E+00   135 9.1E-01   27 T  T
    265   1   125  1.2774519869E+01 2.6E+00   134 1.0E+00   31 T  T
    266   1    90  1.0305857232E+01 2.6E+00   103 1.0E+00   35 T  T
    267   1    89  7.1134232349E+00 1.5E+00    70 5.6E-01   40 T  T
    268   1    66  6.3888590413E+00 1.6E+00    69 1.0E+00   23 T  T
    269   1    66  6.3363046183E+00 2.7E+02    62 3.6E-02   25 F  F
 
   Iter Phase Ninf   Infeasibility   RGmax    NSB   Step InItr MX OK
    270   1    66  6.2162585562E+00 3.7E+00    62 4.6E-01    6 F  F
    271   1    65  6.2065446184E+00 3.3E+00    61 2.5E-04      T  T
    276   1    60  6.0811108650E+00 3.3E+00    56 1.0E-04      T  T
    278   1    56  5.9538884754E+00 3.2E+00    54 1.0E+00    3 T  T
    279   1    56  5.7812792559E+00 1.2E+00    51 3.3E-01    8 F  F
    280   1    53  5.6565975316E+00 1.4E+00    51 1.0E+00    3 T  T
    281   1    45  5.2014293561E+00 1.4E+00    48 1.0E+00    8 T  T
    282   1    45  4.6303055672E+00 1.0E+00    41 5.7E-01   13 F  F
    283   1    36  4.4750027123E+00 1.3E+00    41 1.0E+00    9 T  T
    284   1    36  3.7896042541E+00 1.7E+00    32 5.5E-01   11 F  F
 
   Iter Phase Ninf   Infeasibility   RGmax    NSB   Step InItr MX OK
    285   1    36  3.7658226568E+00 1.5E+00    32 3.8E-01    8 F  T
    286   1    35  3.7651291194E+00 3.8E+00    32 2.8E-05      T  T
    291   1    30  3.7162369874E+00 1.2E+00    27 1.8E-03      T  T
    292   1    27  3.5483501125E+00 9.7E-01    26 1.0E+00    3 T  T
    293   1    27  3.3518181754E+00 1.3E+02    23 3.9E-01    8 F  F
    294   1    27  3.2133881816E+00 3.5E+02    23 7.9E-01    3 F  F
    296   1    26  3.1904088105E+00 7.2E+02    23 1.4E-09      T  T
    301   1    24  3.0816696017E+00 1.8E-01    20 4.5E-01      T  T
    303   1    23  2.9568741412E+00 1.2E+00    18 3.8E-01    3 F  F
    304   1    23  2.9329150079E+00 1.5E+00    18 4.7E-01    3 F  F
 
   Iter Phase Ninf   Infeasibility   RGmax    NSB   Step InItr MX OK
    306   1    21  2.9301389092E+00 2.2E+00    17 4.7E-04      T  T
    311   1    19  2.4329354513E+00 6.9E-02    16 8.1E+00      T  T
    312   1    19  2.4066316375E+00 3.5E+02    15 2.2E-01    3 F  F
    313   1    19  2.3961309978E+00 4.7E-02    15 2.8E-01    1 F  F
    316   1    18  2.2796681310E+00 7.3E-02    14 3.4E+00      F  F
    321   1    16  2.1288585897E+00 4.8E-02    12 4.6E+00      T  T
    322   1    16  2.0890938542E+00 2.6E+01    11 6.1E-01    3 F  F
    323   1    16  2.0826155658E+00 3.9E+00    11 3.4E-01    3 F  F
    326   1    15  2.0755348586E+00 2.8E-02    11 2.5E+00      F  F
    331   2    15  2.0083350887E+00 4.2E-02    10 1.1E+01      F  T
 
   Iter Phase Ninf   Infeasibility   RGmax    NSB   Step InItr MX OK
    332   2    14  1.9863381876E+00 2.8E+02    10 7.5E-01    1 T  T
    333   1    14  1.9843843199E+00 2.5E+02     9 7.2E-08      F  T
    334   1    14  1.9834545670E+00 3.2E+02    10 1.2E-08      F  F
    335   1    14  1.9731036634E+00 5.5E-02    10 3.6E+00      T  T
    336   1    14  1.9696175229E+00 3.1E-02     9 2.8E+00      T  T
    337   1    14  1.9556362242E+00 2.8E-02     8 1.6E+01      F  F
    338   1    14  1.9398214677E+00 2.0E-02     8 3.8E+01      F  F
    339   1    14  1.9141884921E+00 8.7E-03     8 1.7E+02      T  T
    340   1    14  1.9138575127E+00 1.1E+03     8 4.4E-10      F  T
    341   1    14  1.9138344402E+00 2.8E+02     8 8.4E-10      F  T
 
   Iter Phase Ninf   Infeasibility   RGmax    NSB   Step InItr MX OK
    342   2    14  1.9138321017E+00 8.4E+01     8 9.7E-01      F  T
    343   2    14  1.9072490829E+00 4.1E+00     8 1.0E+00    2 T  T
    344   2    14  1.9072439600E+00 1.3E+02     8 1.0E+00    1 T  T
    345   2    14  1.9017382633E+00 1.1E+04     8 1.0E+00    3 T  T
    346   2    14  1.8974952430E+00 2.1E+03     7 1.0E+00    1 T  T
    347   2    14  1.8659532532E+00 1.8E-02     6 2.1E+00   10 T  T
    348   2    14  1.8471404197E+00 3.6E+02     5 1.0E+00    2 T  T
    349   2    14  1.8460494807E+00 1.8E+03     5 1.0E+00    1 T  T
    350   2    14  1.8457083918E+00 6.3E+02     5 1.0E+00    1 T  T
    351   2    14  1.8334256816E+00 2.5E-01     5 5.3E-01    3 F  F
 
   Iter Phase Ninf   Infeasibility   RGmax    NSB   Step InItr MX OK
    352   2    14  1.8280218776E+00 2.2E+03     4 1.4E+00    1 T  T
    353   2    14  1.8137555448E+00 6.0E+02     4 3.0E+00    2 T  T
    354   2    14  1.8136487797E+00 1.9E+02     4 1.0E+00    1 T  T
    355   2    14  1.8106576147E+00 1.4E+02     4 1.4E+00    1 T  F
    356   2    14  1.8072688848E+00 2.1E+02     3 1.0E+00    1 T  T
    357   2    14  1.8063258554E+00 9.1E-04     2 3.0E+00    3 T  T
    358   2    13  1.7820394124E+00 1.6E-04     2 4.9E+01    5 T  T
    361   1    12  1.7798038872E+00 8.6E+02     6 3.4E-10      T  T
    366   1    12  1.7567439248E+00 4.8E-02     5 1.4E+00      F  F
    371   1    12  1.7230444320E+00 3.6E-02     5 5.1E+00      F  F
 
   Iter Phase Ninf   Infeasibility   RGmax    NSB   Step InItr MX OK
    373   1    11  1.6634987990E+00 1.2E+03     6 4.1E-01    3 F  F
    374   1     9  1.6451472075E+00 4.1E-02     6 1.0E+00    2 T  T
    375   1     9  1.6398714420E+00 2.3E+01     6 1.5E-01    6 F  F
    376   1     9  1.6363475024E+00 6.3E+00     6 2.8E-01    1 F  F
    381   1     7  1.6149641234E+00 9.9E+00     4 1.4E-06      F  F
    385   1     7  1.6066714220E+00 2.1E+04     3 2.3E-01    3 F  F
    386   1     7  1.5975223102E+00 5.2E+03     3 3.7E-01    1 F  F
    396   1     7  1.5791026684E+00 8.9E-04     2 1.1E+03      F  T
    398   2     7  1.5787171544E+00 2.2E-04     2 9.9E-01    2 T  T
    399   2     7  1.5787137290E+00 9.0E-05     2 1.0E+00    2 T  T
 
   Iter Phase Ninf   Infeasibility   RGmax    NSB   Step InItr MX OK
    400   2     7  1.5787137121E+00 6.0E-06     2 1.0E+00    1 T  T
    401   2     7  1.5787137121E+00 3.1E-08     2
 
 ** Infeasible solution. Reduced gradient less than tolerance.
 
--- Reading solution for model stdcge
--- Executing after solve: elapsed 0:00:01.190
--- SAM_CGE_2021:2017.gms(328) 4 Mb
--- Generating NLP model stdcge
--- SAM_CGE_2021:2017.gms(330) 6 Mb
---   619 rows  619 columns  2,950 non-zeroes
---   3,573 nl-code  1,241 nl-non-zeroes
--- Range statistics (absolute non-zero finite values)
--- RHS       [min, max] : [ 2.850E+02, 1.200E+03] - Zero values observed as well
--- Bound     [min, max] : [ 1.000E-05, 1.000E+00]
--- Matrix    [min, max] : [ 7.769E-12, 2.980E+04]
--- SAM_CGE_2021:2017.gms(330) 4 Mb
--- Executing CONOPT (Solvelink=2): elapsed 0:00:01.207

CONOPT 3         42.5.0 cf11b917 Mar 30, 2023          DEG x86 64bit/macOS    

--- *** This solver runs with a demo license. No commercial use.
 
 
    C O N O P T 3   version 3.17N
    Copyright (C)   ARKI Consulting and Development A/S
                    Bagsvaerdvej 246 A
                    DK-2880 Bagsvaerd, Denmark
 
 
   Iter Phase Ninf   Infeasibility   RGmax    NSB   Step InItr MX OK
      0   0        3.9350228752E+07 (Input point)
 
 ** An equation in the pre-triangular part of the model cannot
    be solved because the critical variable is at a bound.
 
--- Reading solution for model stdcge
--- Executing after solve: elapsed 0:00:01.283
--- SAM_CGE_2021:2017.gms(420) 4 Mb
--- Putfile listA1out /Users/gabrielbontemps/Library/CloudStorage/OneDrive-Personal/Université/LMD/Master E&P/M1/Mémoire/Dissertation/Scripts/SAM_CGE_GAMS/listA1.csv
*** Status: Normal completion
--- Job SAM_CGE_2021:2017.gms Stop 06/01/23 18:14:47 elapsed 0:00:01.289
