
--- Job SAM_CGE_5.gms Start 06/01/23 16:55:59 42.5.0 cf11b917 DEX-DEG x86 64bit/macOS
--- Applying:
    /Library/Frameworks/GAMS.framework/Versions/42/Resources/gmsprmun.txt
--- GAMS Parameters defined
    Input "/Users/gabrielbontemps/Library/CloudStorage/OneDrive-Personal/Université/LMD/Master E&P/M1/Mémoire/Dissertation/Scripts/SAM_CGE_GAMS/SAM_CGE_5.gms"
    PageSize 0
    ScrDir "/Users/gabrielbontemps/Library/CloudStorage/OneDrive-Personal/Université/LMD/Master E&P/M1/Mémoire/Dissertation/Scripts/SAM_CGE_GAMS/225a/"
    SysDir /Library/Frameworks/GAMS.framework/Versions/42/Resources/
    LogOption 3
    ErrMsg 1
    ErrorLog 99
    IDE 1
    LstTitleLeftAligned 1
Licensee: GAMS Demo license for Gabriel Bontemps         G230312|0002CO-GEN
          Paris school of Economics, France                        DL087641
          /Users/gabrielbontemps/Library/Application Support/GAMS/gamslice.txt
          Gabriel.Bontemps@etu.univ-paris1.fr, Gabriel Bontemps            
          Demo license for demonstration and instructional purposes only
Processor information: 1 socket(s), 4 core(s), and 8 thread(s) available
GAMS 42.5.0   Copyright (C) 1987-2023 GAMS Development. All rights reserved
--- Starting compilation
--- SAM_CGE_5.gms(424) 3 Mb
--- Starting execution: elapsed 0:00:00.012
--- SAM_CGE_5.gms(323) 4 Mb
--- Generating NLP model stdcge
--- SAM_CGE_5.gms(327) 6 Mb
---   619 rows  619 columns  2,984 non-zeroes
---   3,607 nl-code  1,275 nl-non-zeroes
--- Range statistics (absolute non-zero finite values)
--- RHS       [min, max] : [ 2.850E+02, 1.200E+03] - Zero values observed as well
--- Bound     [min, max] : [ 1.000E-05, 1.000E+00]
--- Matrix    [min, max] : [ 6.905E-06, 3.860E+04]
--- SAM_CGE_5.gms(327) 4 Mb
--- Executing CONOPT (Solvelink=2): elapsed 0:00:00.027

CONOPT 3         42.5.0 cf11b917 Mar 30, 2023          DEG x86 64bit/macOS    

--- *** This solver runs with a demo license. No commercial use.
 
 
    C O N O P T 3   version 3.17N
    Copyright (C)   ARKI Consulting and Development A/S
                    Bagsvaerdvej 246 A
                    DK-2880 Bagsvaerd, Denmark
 
 
   Iter Phase Ninf   Infeasibility   RGmax    NSB   Step InItr MX OK
      0   0        1.5136298485E+05 (Input point)
 
                   Pre-triangular equations:   0
                   Post-triangular equations:  1
                   Definitional equations:     78
 
      1   0        1.5126851589E+05 (After pre-processing)
      2   0        7.8299974123E+01 (After scaling)
      5   0     3  7.8608418966E+01               0.0E+00      F  F
     10   0     8  7.7981867662E+01               3.1E-03      T  T
     15   0    12  7.3076192376E+01               3.7E-01      T  T
     20   0    13  8.1279791699E+01               0.0E+00      F  F
     25   0    18  8.1279791699E+01               0.0E+00      F  F
     30   0    21  6.4250237852E+01               0.0E+00      F  F
     35   0    23  5.5633859436E+01               0.0E+00      F  F
 
   Iter Phase Ninf   Infeasibility   RGmax    NSB   Step InItr MX OK
     40   0    25  5.5269338518E+01               0.0E+00      F  F
     45   0    29  5.4407336215E+01               0.0E+00      F  F
     50   0    33  5.5254272693E+01               0.0E+00      F  F
     55   0    36  5.2512551406E+01               0.0E+00      F  F
     60   0    41  5.2512551406E+01               0.0E+00      F  F
     65   0    45  5.2026495542E+01               0.0E+00      F  F
     70   0    50  5.2026495542E+01               0.0E+00      F  F
     75   0    55  5.2026495542E+01               0.0E+00      F  F
     80   0    60  5.2026495542E+01               0.0E+00      F  F
     85   0    65  5.2026495542E+01               0.0E+00      F  F
 
   Iter Phase Ninf   Infeasibility   RGmax    NSB   Step InItr MX OK
     90   0    70  5.2026495542E+01               0.0E+00      F  F
     95   0    75  5.2026495542E+01               0.0E+00      F  F
    100   0    80  5.2026495542E+01               0.0E+00      F  F
    105   0    85  5.2026495542E+01               0.0E+00      F  F
    110   0    90  5.2026495542E+01               0.0E+00      F  F
    115   0    94  5.2018998204E+01               0.0E+00      F  F
    120   0    98  5.2099331693E+01               0.0E+00      F  F
    125   0   103  5.2099331693E+01               0.0E+00      F  F
    130   0   106  5.2072948708E+01               0.0E+00      F  F
    133   1   106  5.2034020663E+01 5.1E+02    91 8.3E-03    3 F  F
 
   Iter Phase Ninf   Infeasibility   RGmax    NSB   Step InItr MX OK
    134   1   105  5.1810641557E+01 1.5E+01    90 1.0E+00    1 T  T
    135   1   101  5.0961913056E+01 2.4E+02    89 1.0E+00    5 T  T
    136   1    91  4.9122300927E+01 1.4E+01    84 1.0E+00   10 T  T
    137   1    76  4.3503854525E+01 9.1E+00    74 1.0E+00   15 T  T
    138   1    56  3.5106289950E+01 7.2E+00    59 1.0E+00   20 T  T
    139   1    56  3.5056037711E+01 4.0E+05    41 6.0E-03   11 F  F
    140   1    55  3.4937581712E+01 1.1E+02    41 1.0E+00    2 T  T
    141   1    54  3.3352566706E+01 1.9E+00    39 1.0E+00    1 T  T
    142   1    53  2.8304330476E+01 2.0E+00    38 9.8E-01    6 T  T
    143   1    53  2.8279030099E+01 1.4E+02    38 9.0E-03   13 F  F
 
   Iter Phase Ninf   Infeasibility   RGmax    NSB   Step InItr MX OK
    144   1    51  2.8258094898E+01 1.8E+00    38 1.0E+00    2 T  T
    145   1    46  2.8019116219E+01 7.5E+04    36 1.0E+00    7 T  T
    146   1    46  2.5275113219E+01 1.8E+00    40 8.6E-01    6 F  F
    147   1    40  2.4755350591E+01 1.2E+00    40 1.0E+00    6 T  T
    148   1    40  2.2738783631E+01 2.5E+02    35 5.0E-01    8 F  F
    149   1    40  2.2612307986E+01 1.1E+00    35 1.2E-01    2 F  F
    151   1    38  2.1722962354E+01 1.1E+00    34 3.0E-02      T  T
    154   1    33  1.9903400420E+01 1.2E+00    31 1.0E+00    3 T  T
    155   1    33  1.5004729612E+01 1.0E+00    28 7.5E-01    8 F  F
    156   1    26  1.3923294760E+01 1.0E+00    28 1.0E+00    7 T  T
 
   Iter Phase Ninf   Infeasibility   RGmax    NSB   Step InItr MX OK
    157   1    26  1.2796153052E+01 1.6E+01    21 4.8E-01    9 F  F
    158   1    26  1.2475121612E+01 1.0E+00    21 5.2E-01    3 F  F
    161   1    23  1.2219266685E+01 1.0E+00    19 9.6E-03      T  T
    164   1    21  1.1188020330E+01 8.6E-01    16 5.8E-01    3 F  F
    165   1    21  1.0954963763E+01 6.4E-01    16 5.9E-01    2 F  F
    166   1    20  1.0954553511E+01 8.9E-01    16 1.8E-04      T  T
    171   1    18  7.9736529854E+00 7.7E-01    13 6.2E-01      F  F
    173   1    17  7.2813997996E+00 4.2E+01    12 3.5E-01    3 F  F
    174   1    16  6.8922924205E+00 3.1E+02    12 7.9E-01    1 T  T
    175   1    16  6.2510276482E+00 3.0E+00    13 4.0E-01    6 F  F
 
   Iter Phase Ninf   Infeasibility   RGmax    NSB   Step InItr MX OK
    176   1    16  6.0526507918E+00 4.1E+00    13 3.4E-01    3 F  F
    181   2    14  6.0367026265E+00 2.3E+00    11 2.0E+00      F  T
    183   2    13  4.7769708983E+00 1.7E+01    11 6.8E-01    2 T  T
    184   1    13  4.7169160853E+00 1.9E+01    10 1.7E-04      F  F
    185   1    13  4.6591700409E+00 2.7E+01    10 7.0E-05      F  F
    186   1    12  4.4648203166E+00 1.1E-01    10 9.6E+00      T  T
    187   1    12  4.3774957302E+00 4.7E-02     9 1.4E+01      F  F
    188   1    12  4.3364769073E+00 1.5E-01     9 1.1E+00      F  F
    189   1    12  4.3153926521E+00 1.2E-01     9 7.3E-01      T  T
    190   1    11  4.3042421591E+00 1.1E-01     8 6.6E-01      T  T
 
   Iter Phase Ninf   Infeasibility   RGmax    NSB   Step InItr MX OK
    191   1    11  4.2416942251E+00 9.1E-02     7 4.4E+00      F  F
    192   1    11  4.1817853744E+00 1.1E-01     7 3.0E+00      F  F
    193   1    11  4.1060102598E+00 1.3E-01     7 3.3E+00      F  F
    194   1    10  3.9316408990E+00 1.4E-01     7 3.7E+00      T  T
    195   1    10  3.9029109356E+00 2.6E-01     6 3.5E-01    3 F  F
    196   1     8  3.8872127344E+00 1.2E-01     6 1.0E+00    2 T  T
    197   1     8  3.8617481488E+00 8.6E-02     5 2.6E-01    5 F  F
    198   1     8  3.8525409539E+00 5.3E-02     5 2.7E-01    2 F  F
    201   1     7  3.8224250414E+00 3.5E-02     4 1.2E+01      F  F
    206   1     5  3.5887040916E+00 5.2E-02     2 2.8E+01      F  F
 
   Iter Phase Ninf   Infeasibility   RGmax    NSB   Step InItr MX OK
    209   1     4  3.4436486055E+00 3.8E-02     1 3.4E-01    1 F  F
    210   1     4  3.4388655788E+00 1.9E-02     1 3.4E-01    1 F  F
    211   1     4  3.4342673493E+00 3.0E-03     1 9.9E+02      F  T
    215   2     4  3.4301535609E+00 6.0E-04     1 1.0E+00    1 T  T
    216   2     4  3.4299930549E+00 2.7E-04     1 1.0E+00    1 T  T
    217   2     4  3.4298860508E+00 2.4E-04     1 1.0E+00    1 T  T
    218   2     4  3.4298147148E+00 2.1E-04     1 1.0E+00    1 T  T
    219   2     4  3.4297671575E+00 9.4E-05     1 1.0E+00    1 T  T
    220   2     4  3.4297354526E+00 8.3E-05     1 1.0E+00    1 T  T
    221   2     4  3.4297143160E+00 3.7E-05     1 1.0E+00    1 T  T
 
   Iter Phase Ninf   Infeasibility   RGmax    NSB   Step InItr MX OK
    222   2     4  3.4297002249E+00 3.3E-05     1 1.0E+00    1 T  T
    223   2     4  3.4296920356E+00 2.0E+00     1 1.0E+00    1 T  T
    224   1     4  3.4296920356E+00 0.0E+00     0 0.0E+00    1 F  T
    225   1     4  3.4296920356E+00 0.0E+00     0
 
 ** Infeasible solution. There are no superbasic variables.
 
--- Reading solution for model stdcge
--- Executing after solve: elapsed 0:00:01.329
--- SAM_CGE_5.gms(332) 4 Mb
--- Generating NLP model stdcge
--- SAM_CGE_5.gms(334) 6 Mb
---   619 rows  619 columns  2,950 non-zeroes
---   3,505 nl-code  1,241 nl-non-zeroes
--- Range statistics (absolute non-zero finite values)
--- RHS       [min, max] : [ 2.850E+02, 1.200E+03] - Zero values observed as well
--- Bound     [min, max] : [ 1.000E-05, 1.000E+00]
--- Matrix    [min, max] : [ 1.524E-11, 3.032E+03]
--- SAM_CGE_5.gms(334) 4 Mb
--- Executing CONOPT (Solvelink=2): elapsed 0:00:01.342

CONOPT 3         42.5.0 cf11b917 Mar 30, 2023          DEG x86 64bit/macOS    

--- *** This solver runs with a demo license. No commercial use.
 
 
    C O N O P T 3   version 3.17N
    Copyright (C)   ARKI Consulting and Development A/S
                    Bagsvaerdvej 246 A
                    DK-2880 Bagsvaerd, Denmark
 
 
   Iter Phase Ninf   Infeasibility   RGmax    NSB   Step InItr MX OK
      0   0        9.7941426480E+07 (Input point)
 
 ** An equation in the pre-triangular part of the model cannot
    be solved because the critical variable is at a bound.
 
--- Reading solution for model stdcge
--- Executing after solve: elapsed 0:00:01.412
--- SAM_CGE_5.gms(424) 4 Mb
--- Putfile listA1out /Users/gabrielbontemps/Library/CloudStorage/OneDrive-Personal/Université/LMD/Master E&P/M1/Mémoire/Dissertation/Scripts/SAM_CGE_GAMS/listA1.csv
*** Status: Normal completion
--- Job SAM_CGE_5.gms Stop 06/01/23 16:56:01 elapsed 0:00:01.415
