--- Job SAM_CGE_2023:2017act.gms Start 06/01/23 18:18:28 42.5.0 cf11b917 DEX-DEG x86 64bit/macOS
--- Applying:
    /Library/Frameworks/GAMS.framework/Versions/42/Resources/gmsprmun.txt
--- GAMS Parameters defined
    Input "/Users/gabrielbontemps/Library/CloudStorage/OneDrive-Personal/Université/LMD/Master E&P/M1/Mémoire/Dissertation/Scripts/SAM_CGE_GAMS/SAM_CGE_2023:2017act.gms"
    PageSize 0
    ScrDir "/Users/gabrielbontemps/Library/CloudStorage/OneDrive-Personal/Université/LMD/Master E&P/M1/Mémoire/Dissertation/Scripts/SAM_CGE_GAMS/225a/"
    SysDir /Library/Frameworks/GAMS.framework/Versions/42/Resources/
    LogOption 3
    ErrMsg 1
    ErrorLog 99
    IDE 1
    LstTitleLeftAligned 1
Licensee: GAMS Demo license for Gabriel Bontemps         G230312|0002CO-GEN
          Paris school of Economics, France                        DL087641
          /Users/gabrielbontemps/Library/Application Support/GAMS/gamslice.txt
          Gabriel.Bontemps@etu.univ-paris1.fr, Gabriel Bontemps            
          Demo license for demonstration and instructional purposes only
Processor information: 1 socket(s), 4 core(s), and 8 thread(s) available
GAMS 42.5.0   Copyright (C) 1987-2023 GAMS Development. All rights reserved
--- Starting compilation
--- SAM_CGE_2023:2017act.gms(421) 3 Mb
--- Starting execution: elapsed 0:00:00.014
--- SAM_CGE_2023:2017act.gms(320) 4 Mb
--- Generating NLP model stdcge
--- SAM_CGE_2023:2017act.gms(324) 6 Mb
---   619 rows  619 columns  2,984 non-zeroes
---   3,692 nl-code  1,275 nl-non-zeroes
--- Range statistics (absolute non-zero finite values)
--- RHS       [min, max] : [ 2.850E+02, 1.200E+03] - Zero values observed as well
--- Bound     [min, max] : [ 1.000E-05, 1.000E+00]
--- Matrix    [min, max] : [ 1.482E-05, 7.242E+04]
--- SAM_CGE_2023:2017act.gms(324) 4 Mb
--- Executing CONOPT (Solvelink=2): elapsed 0:00:00.031

CONOPT 3         42.5.0 cf11b917 Mar 30, 2023          DEG x86 64bit/macOS    

--- *** This solver runs with a demo license. No commercial use.
 
 
    C O N O P T 3   version 3.17N
    Copyright (C)   ARKI Consulting and Development A/S
                    Bagsvaerdvej 246 A
                    DK-2880 Bagsvaerd, Denmark
 
 
   Iter Phase Ninf   Infeasibility   RGmax    NSB   Step InItr MX OK
      0   0        2.1137783178E+05 (Input point)
 
                   Pre-triangular equations:   0
                   Post-triangular equations:  1
                   Definitional equations:     78
 
      1   0        2.1848158195E+05 (After pre-processing)
      2   0        1.0484341572E+02 (After scaling)
      5   0     3  9.2869740503E+01               6.6E-02      T  T
     10   0     6  7.3892462935E+01               1.3E-01      T  T
     15   0     6  7.8516252459E+01               6.7E-03      T  T
     20   0     8  7.8421421024E+01               0.0E+00      F  F
     25   0    11  6.9266671406E+01               0.0E+00      F  F
     30   0    16  7.1746356608E+01               0.0E+00      F  F
     35   0    20  6.1817114362E+01               2.8E-01      T  T
 
   Iter Phase Ninf   Infeasibility   RGmax    NSB   Step InItr MX OK
     40   0    24  6.9140532934E+01               0.0E+00      F  F
     45   0    29  6.9140532934E+01               0.0E+00      F  F
     50   0    34  6.9140532934E+01               0.0E+00      F  F
     55   0    39  6.9140532934E+01               0.0E+00      F  F
     60   0    44  6.9140532934E+01               0.0E+00      F  F
     65   0    49  6.9140532934E+01               0.0E+00      F  F
     70   0    54  6.3097338202E+01               9.4E-01      T  T
     75   0    55  6.3435578173E+01               0.0E+00      F  F
     80   0    60  6.3435578173E+01               0.0E+00      F  F
     85   0    65  6.3435578173E+01               0.0E+00      F  F
 
   Iter Phase Ninf   Infeasibility   RGmax    NSB   Step InItr MX OK
     90   0    70  6.3435578173E+01               0.0E+00      F  F
     95   0    75  6.3435578173E+01               0.0E+00      F  F
    100   0    80  6.3435578173E+01               0.0E+00      F  F
    105   0    85  6.3435578173E+01               0.0E+00      F  F
    110   0    90  6.3435578173E+01               0.0E+00      F  F
    115   0    95  6.3435578173E+01               0.0E+00      F  F
    120   0   100  6.3435578173E+01               0.0E+00      F  F
    125   0   105  6.3435578173E+01               0.0E+00      F  F
    130   0   110  6.3435578173E+01               0.0E+00      F  F
    135   0   115  6.3435578173E+01               0.0E+00      F  F
 
   Iter Phase Ninf   Infeasibility   RGmax    NSB   Step InItr MX OK
    140   0   120  6.3435578173E+01               0.0E+00      F  F
    145   0   125  6.3435578173E+01               0.0E+00      F  F
    150   0   130  6.3435578173E+01               0.0E+00      F  F
    155   0   135  6.3435578173E+01               0.0E+00      F  F
    160   0   140  6.3435578173E+01               0.0E+00      F  F
    165   0   145  6.3435578173E+01               0.0E+00      F  F
    170   0   150  6.3435578173E+01               0.0E+00      F  F
    175   0   155  6.3435578173E+01               0.0E+00      F  F
    179   1   156  6.3388615828E+01 3.5E+01   147 6.2E-02    3 F  F
    180   1   155  6.2524211231E+01 3.5E+01   147 1.0E+00    1 T  T
 
   Iter Phase Ninf   Infeasibility   RGmax    NSB   Step InItr MX OK
    181   1   151  6.1989571762E+01 3.2E+01   146 1.0E+00    4 T  T
    182   1   143  6.1396578478E+01 3.1E+01   142 1.0E+00    8 T  T
    183   1   130  5.8548228675E+01 2.9E+01   134 1.0E+00   13 T  T
    184   1   114  5.5270263092E+01 1.9E+01   121 1.0E+00   16 T  T
    185   1   114  5.1653754792E+01 5.2E+03   105 9.9E-01   19 T  T
    186   1    92  4.9472958162E+01 7.2E+00   104 1.0E+00   22 T  T
    187   1    92  4.9469667123E+01 1.5E+02    83 3.7E-04   25 F  F
    188   1    87  4.8861241526E+01 2.0E+02    89 1.0E+00    6 T  T
    189   1    76  4.6283249639E+01 3.9E+00    83 1.0E+00   11 T  T
    190   1    76  4.6277505059E+01 1.1E+01    73 9.0E-04   16 F  F
 
   Iter Phase Ninf   Infeasibility   RGmax    NSB   Step InItr MX OK
    191   1    76  4.6207550826E+01 2.9E+00    73 6.2E-02    4 F  F
    196   1    71  4.4981059285E+01 2.9E+00    69 2.4E-03      T  T
    201   1    66  4.2844635374E+01 2.0E+00    64 3.9E-03      T  T
    203   1    62  4.0753718408E+01 1.8E+00    62 1.0E+00    3 T  T
    204   1    54  3.6055233241E+01 2.2E+00    59 1.0E+00    8 T  T
    205   1    41  3.0755524525E+01 4.2E+00    51 1.0E+00   13 T  T
    206   1    41  2.4018555603E+01 1.2E+00    38 6.2E-01   16 F  F
    207   1    31  2.2324525634E+01 1.3E+00    38 1.0E+00   10 T  T
    208   1    31  1.9392898150E+01 5.3E+00    28 5.4E-01   13 F  F
    209   1    31  1.8631094410E+01 1.1E+00    28 6.2E-01    7 F  F
 
   Iter Phase Ninf   Infeasibility   RGmax    NSB   Step InItr MX OK
    211   1    29  1.8549443107E+01 1.2E+00    27 3.2E-03      T  T
    215   1    26  1.7972219503E+01 1.1E+00    23 7.3E-01    3 F  F
    216   1    23  1.7802578753E+01 1.1E+00    23 1.0E+00    3 T  T
    217   1    23  1.7020085278E+01 8.8E-01    20 3.6E-01    6 F  F
    218   1    23  1.6824540636E+01 1.0E+00    20 3.7E-01    3 F  F
    221   1    21  1.6690446795E+01 2.7E+00    18 7.6E-03      F  F
    226   1    19  1.2952148675E+01 2.6E+00    16 3.7E-01    3 F  T
    227   1    16  1.2521706450E+01 6.7E-01    16 1.0E+00    3 T  T
    228   1    15  1.2321942014E+01 1.0E+00    13 1.0E+00    1 T  T
    229   1    14  1.2235504938E+01 2.6E-01    12 1.0E+00    1 T  T
 
   Iter Phase Ninf   Infeasibility   RGmax    NSB   Step InItr MX OK
    230   1    14  1.2109364967E+01 7.8E-01    11 4.9E-01    1 F  T
    231   1    14  1.2075785396E+01 2.1E-01    11 9.8E-01      F  T
    236   1    14  1.1085203067E+01 1.7E-01    11 5.3E+00      F  F
    241   1    13  1.0419932358E+01 7.6E-02    11 7.7E+00      F  T
    246   1    12  1.0182395190E+01 2.9E-02    10 3.0E+01      F  F
    250   2    12  1.0043554469E+01 2.2E-02    10 1.7E+00    6 T  T
    251   2    12  1.0021963440E+01 9.6E-03    10 1.6E+00    3 T  T
    254   2    12  1.0001746849E+01 2.8E-03    10 1.7E+00    6 T  T
    255   2    12  9.9984766358E+00 7.8E-04    10 1.7E+00    8 T  T
    256   2    12  9.9966070047E+00 2.1E-04    10 1.2E+01      F  T
 
   Iter Phase Ninf   Infeasibility   RGmax    NSB   Step InItr MX OK
    258   2    12  9.9928114488E+00 1.0E-04    10 2.0E+00    9 T  F
    259   2    12  9.9900246162E+00 1.1E-02     9 1.0E+00    1 T  T
    260   2    12  9.9789727150E+00 8.4E-02     9 5.3E-01    5 F  T
    261   2    12  9.8246633272E+00 8.7E-02     8 3.0E+00    4 T  T
    262   2    12  9.6752224090E+00 2.0E-01     8 1.0E+00    3 T  T
    263   2    11  9.6086949260E+00 1.5E-01     8 1.0E+00    1 T  T
    264   2    11  9.4674827547E+00 6.1E+00     7 7.2E-01    7 F  T
    265   2    11  9.4644688600E+00 2.6E+00     6 1.0E+00    2 T  T
    266   2    11  9.4604613237E+00 2.0E-01     8 2.5E-01    8 F  T
    267   2    11  9.4576111715E+00 2.7E+00     7 1.0E+00    2 T  T
 
   Iter Phase Ninf   Infeasibility   RGmax    NSB   Step InItr MX OK
    268   2    10  9.4529793570E+00 3.1E-01     7 1.0E+00    5 T  T
    269   2    10  9.4482946134E+00 6.4E-03     8 2.0E+00    7 T  T
    270   2    10  9.4457884795E+00 2.6E-02     8 1.8E+00    4 T  T
    271   2    10  9.4443906810E+00 7.0E-03     8 1.8E+00    5 T  T
    274   2    10  9.4429075925E+00 5.4E-04     8 2.1E+00    3 T  T
    275   2    10  9.4428220796E+00 1.4E-04     8 1.7E+00    5 T  T
    276   2    10  9.4427847123E+00 6.4E-04     8 8.1E+00      F  F
    278   2    10  9.4427513895E+00 1.9E+01     8 3.6E-01    1 F  T
    279   2    10  9.4427512453E+00 9.6E+01     8 1.0E+00    1 T  T
    280   2    10  9.4427510979E+00 2.2E-02     8 1.0E+00    4 T  T
 
   Iter Phase Ninf   Infeasibility   RGmax    NSB   Step InItr MX OK
    281   2    10  9.4427510979E+00 5.1E-02     8 1.0E+00    1 T  T
    282   2    10  9.4427510115E+00 1.1E-05     8 1.0E+00    6 T  T
    283   2    10  9.4427506862E+00 1.4E+01     8 7.0E-01    4 F  T
    284   2    10  9.4427505873E+00 8.1E+01     8 1.0E+00    1 T  T
    285   2    10  9.4427503502E+00 1.5E-02     8 1.0E+00    2 T  T
    286   2    10  9.4427503482E+00 1.2E+01     8 1.0E+00    1 T  T
    287   2    10  9.4427503422E+00 3.6E-04     8 1.0E+00    4 T  T
    288   2    10  9.4427503422E+00 4.7E-08     8
 
 ** Infeasible solution. Reduced gradient less than tolerance.
 
--- Reading solution for model stdcge
--- Executing after solve: elapsed 0:00:00.674
--- SAM_CGE_2023:2017act.gms(329) 4 Mb
--- Generating NLP model stdcge
--- SAM_CGE_2023:2017act.gms(331) 6 Mb
---   619 rows  619 columns  2,950 non-zeroes
---   3,573 nl-code  1,241 nl-non-zeroes
--- Range statistics (absolute non-zero finite values)
--- RHS       [min, max] : [ 2.850E+02, 1.200E+03] - Zero values observed as well
--- Bound     [min, max] : [ 1.000E-05, 1.000E+00]
--- Matrix    [min, max] : [ 8.675E-12, 1.639E+04]
--- SAM_CGE_2023:2017act.gms(331) 4 Mb
--- Executing CONOPT (Solvelink=2): elapsed 0:00:00.688

CONOPT 3         42.5.0 cf11b917 Mar 30, 2023          DEG x86 64bit/macOS    

--- *** This solver runs with a demo license. No commercial use.
 
 
    C O N O P T 3   version 3.17N
    Copyright (C)   ARKI Consulting and Development A/S
                    Bagsvaerdvej 246 A
                    DK-2880 Bagsvaerd, Denmark
 
 
   Iter Phase Ninf   Infeasibility   RGmax    NSB   Step InItr MX OK
      0   0        1.6638974787E+10 (Input point)
 
 ** An equation in the pre-triangular part of the model cannot
    be solved because the critical variable is at a bound.
 
--- Reading solution for model stdcge
--- Executing after solve: elapsed 0:00:00.766
--- SAM_CGE_2023:2017act.gms(421) 4 Mb
--- Putfile listA1out /Users/gabrielbontemps/Library/CloudStorage/OneDrive-Personal/Université/LMD/Master E&P/M1/Mémoire/Dissertation/Scripts/SAM_CGE_GAMS/listA1.csv
*** Status: Normal completion
--- Job SAM_CGE_2023:2017act.gms Stop 06/01/23 18:18:29 elapsed 0:00:00.770
